2023-03-23 16:30:19,633 Adding job tentatively -- it will be properly scheduled when the scheduler starts
2023-03-23 16:30:19,634 Added job "process_logs" to job store "default"
2023-03-23 16:30:19,634 Scheduler started
2023-03-23 16:30:19,634 Looking for jobs to run
2023-03-23 16:30:19,634 Next wakeup is due at 2023-03-23 16:30:49.633535+00:00 (in 29.999195 seconds)
2023-03-23 16:30:49,634 Looking for jobs to run
2023-03-23 16:30:49,635 Running job "process_logs (trigger: interval[0:00:30], next run at: 2023-03-23 16:30:49 UTC)" (scheduled at 2023-03-23 16:30:49.633535+00:00)
2023-03-23 16:30:49,636 Next wakeup is due at 2023-03-23 16:31:19.633535+00:00 (in 29.998828 seconds)
2023-03-23 16:30:49,646 found file: 641c7eb76719eb17139deffd.zip
2023-03-23 16:30:49,699 Processing zip file: /logs_extracted/641c7eb76719eb17139deffd.zip
2023-03-23 16:30:49,713 Extracting zip file /logs_extracted/641c7eb76719eb17139deffd.zip started.
2023-03-23 16:30:49,714 Extracting in: /logs_extracted/641c7eb76719eb17139deffd
2023-03-23 16:30:49,925 Processing zip file: /logs_extracted/641c7eb76719eb17139deffd
2023-03-23 16:30:49,926 Found dir, recursing to extract any zip files inside.
2023-03-23 16:30:49,928 Processing zip file: opt
2023-03-23 16:30:49,928 Not a zip file ignoring.
2023-03-23 16:30:49,928 Processing zip file: var
2023-03-23 16:30:49,928 Not a zip file ignoring.
2023-03-23 16:30:49,930 loading signature file: /issue_signatures/signatures.yml
2023-03-23 16:30:49,935 Signatures: - issue: Elastic-1234
  name: HeapDumpOnOutOfMemoryError
  product: ElasticSearch
  severity: Critical
  signature: HeapDumpOnOutOfMemoryError
  workaround: Not Applicable
- issue: Health-4567
  name: Good Health
  product: ElasticSearch
  severity: Information
  signature: current\.health\=\"GREEN\"
  workaround: Not Applicable
- issue: Mongo-4567
  name: Mongo Access Control Disabled
  product: MongoDB
  severity: Warning
  signature: Access control is not enabled for the database.
  workaround: Enable Access control for the database.
- issue: Logstash-4567
  name: Logstash Connection Warning
  product: Logstash
  severity: Warning
  signature: Restored connection to ES instance
  workaround: Not applicable.

2023-03-23 16:30:49,935 processing sign: {'product': 'ElasticSearch', 'issue': 'Elastic-1234', 'name': 'HeapDumpOnOutOfMemoryError', 'signature': 'HeapDumpOnOutOfMemoryError', 'workaround': 'Not Applicable', 'severity': 'Critical'}
2023-03-23 16:30:49,935 Recursing path: /logs_extracted/641c7eb76719eb17139deffd
2023-03-23 16:30:49,935 No file name provide,
2023-03-23 16:30:49,936 Found dir, recursing to analyze files inside /logs_extracted/641c7eb76719eb17139deffd
2023-03-23 16:30:49,936 Recursing through opt
2023-03-23 16:30:49,936 Recursing path: /logs_extracted/641c7eb76719eb17139deffd/opt
2023-03-23 16:30:49,936 No file name provide,
2023-03-23 16:30:49,937 Found dir, recursing to analyze files inside /logs_extracted/641c7eb76719eb17139deffd/opt
2023-03-23 16:30:49,938 Recursing through elasticsearch
2023-03-23 16:30:49,938 Recursing path: /logs_extracted/641c7eb76719eb17139deffd/opt/elasticsearch
2023-03-23 16:30:49,938 No file name provide,
2023-03-23 16:30:49,939 Found dir, recursing to analyze files inside /logs_extracted/641c7eb76719eb17139deffd/opt/elasticsearch
2023-03-23 16:30:49,940 Recursing through logs
2023-03-23 16:30:49,940 Recursing path: /logs_extracted/641c7eb76719eb17139deffd/opt/elasticsearch/logs
2023-03-23 16:30:49,940 No file name provide,
2023-03-23 16:30:49,941 Found dir, recursing to analyze files inside /logs_extracted/641c7eb76719eb17139deffd/opt/elasticsearch/logs
2023-03-23 16:30:49,943 Recursing through gc.log
2023-03-23 16:30:49,943 Recursing path: /logs_extracted/641c7eb76719eb17139deffd/opt/elasticsearch/logs/gc.log
2023-03-23 16:30:49,943 No file name provide,
2023-03-23 16:30:49,945 Processing file: /logs_extracted/641c7eb76719eb17139deffd/opt/elasticsearch/logs/gc.log
2023-03-23 16:30:49,945 Analysis of file /logs_extracted/641c7eb76719eb17139deffd/opt/elasticsearch/logs/gc.log started.
2023-03-23 16:30:49,949 Trying to match Regex: HeapDumpOnOutOfMemoryError to file: /logs_extracted/641c7eb76719eb17139deffd/opt/elasticsearch/logs/gc.log
2023-03-23 16:30:49,949 Recursing through gc.log.00
2023-03-23 16:30:49,950 Recursing path: /logs_extracted/641c7eb76719eb17139deffd/opt/elasticsearch/logs/gc.log.00
2023-03-23 16:30:49,950 No file name provide,
2023-03-23 16:30:49,950 Processing file: /logs_extracted/641c7eb76719eb17139deffd/opt/elasticsearch/logs/gc.log.00
2023-03-23 16:30:49,951 Analysis of file /logs_extracted/641c7eb76719eb17139deffd/opt/elasticsearch/logs/gc.log.00 started.
2023-03-23 16:30:49,952 Trying to match Regex: HeapDumpOnOutOfMemoryError to file: /logs_extracted/641c7eb76719eb17139deffd/opt/elasticsearch/logs/gc.log.00
2023-03-23 16:30:49,952 Recursing through gc.log.01
2023-03-23 16:30:49,952 Recursing path: /logs_extracted/641c7eb76719eb17139deffd/opt/elasticsearch/logs/gc.log.01
2023-03-23 16:30:49,952 No file name provide,
2023-03-23 16:30:49,953 Processing file: /logs_extracted/641c7eb76719eb17139deffd/opt/elasticsearch/logs/gc.log.01
2023-03-23 16:30:49,953 Analysis of file /logs_extracted/641c7eb76719eb17139deffd/opt/elasticsearch/logs/gc.log.01 started.
2023-03-23 16:30:49,954 Trying to match Regex: HeapDumpOnOutOfMemoryError to file: /logs_extracted/641c7eb76719eb17139deffd/opt/elasticsearch/logs/gc.log.01
2023-03-23 16:30:49,954 Recursing through kibana
2023-03-23 16:30:49,954 Recursing path: /logs_extracted/641c7eb76719eb17139deffd/opt/kibana
2023-03-23 16:30:49,954 No file name provide,
2023-03-23 16:30:49,955 Found dir, recursing to analyze files inside /logs_extracted/641c7eb76719eb17139deffd/opt/kibana
2023-03-23 16:30:49,957 Recursing through logs
2023-03-23 16:30:49,957 Recursing path: /logs_extracted/641c7eb76719eb17139deffd/opt/kibana/logs
2023-03-23 16:30:49,957 No file name provide,
2023-03-23 16:30:49,957 Found dir, recursing to analyze files inside /logs_extracted/641c7eb76719eb17139deffd/opt/kibana/logs
2023-03-23 16:30:49,958 Recursing through var
2023-03-23 16:30:49,958 Recursing path: /logs_extracted/641c7eb76719eb17139deffd/var
2023-03-23 16:30:49,958 No file name provide,
2023-03-23 16:30:49,958 Found dir, recursing to analyze files inside /logs_extracted/641c7eb76719eb17139deffd/var
2023-03-23 16:30:49,960 Recursing through log
2023-03-23 16:30:49,960 Recursing path: /logs_extracted/641c7eb76719eb17139deffd/var/log
2023-03-23 16:30:49,960 No file name provide,
2023-03-23 16:30:49,960 Found dir, recursing to analyze files inside /logs_extracted/641c7eb76719eb17139deffd/var/log
2023-03-23 16:30:49,967 Recursing through alternatives.log
2023-03-23 16:30:49,967 Recursing path: /logs_extracted/641c7eb76719eb17139deffd/var/log/alternatives.log
2023-03-23 16:30:49,967 No file name provide,
2023-03-23 16:30:49,969 Processing file: /logs_extracted/641c7eb76719eb17139deffd/var/log/alternatives.log
2023-03-23 16:30:49,969 Analysis of file /logs_extracted/641c7eb76719eb17139deffd/var/log/alternatives.log started.
2023-03-23 16:30:49,972 Trying to match Regex: HeapDumpOnOutOfMemoryError to file: /logs_extracted/641c7eb76719eb17139deffd/var/log/alternatives.log
2023-03-23 16:30:49,972 Recursing through apt
2023-03-23 16:30:49,972 Recursing path: /logs_extracted/641c7eb76719eb17139deffd/var/log/apt
2023-03-23 16:30:49,972 No file name provide,
2023-03-23 16:30:49,973 Found dir, recursing to analyze files inside /logs_extracted/641c7eb76719eb17139deffd/var/log/apt
2023-03-23 16:30:49,977 Recursing through eipp.log.xz
2023-03-23 16:30:49,977 Recursing path: /logs_extracted/641c7eb76719eb17139deffd/var/log/apt/eipp.log.xz
2023-03-23 16:30:49,977 No file name provide,
2023-03-23 16:30:49,978 Processing file: /logs_extracted/641c7eb76719eb17139deffd/var/log/apt/eipp.log.xz
2023-03-23 16:30:49,978 Analysis of file /logs_extracted/641c7eb76719eb17139deffd/var/log/apt/eipp.log.xz started.
2023-03-23 16:30:49,980 failed to process file: /logs_extracted/641c7eb76719eb17139deffd/var/log/apt/eipp.log.xz
2023-03-23 16:30:49,981 Analyzing log file: Completed
2023-03-23 16:30:49,981 Recursing through history.log
2023-03-23 16:30:49,981 Recursing path: /logs_extracted/641c7eb76719eb17139deffd/var/log/apt/history.log
2023-03-23 16:30:49,981 No file name provide,
2023-03-23 16:30:49,983 Processing file: /logs_extracted/641c7eb76719eb17139deffd/var/log/apt/history.log
2023-03-23 16:30:49,983 Analysis of file /logs_extracted/641c7eb76719eb17139deffd/var/log/apt/history.log started.
2023-03-23 16:30:49,986 Trying to match Regex: HeapDumpOnOutOfMemoryError to file: /logs_extracted/641c7eb76719eb17139deffd/var/log/apt/history.log
2023-03-23 16:30:49,986 Recursing through term.log
2023-03-23 16:30:49,986 Recursing path: /logs_extracted/641c7eb76719eb17139deffd/var/log/apt/term.log
2023-03-23 16:30:49,986 No file name provide,
2023-03-23 16:30:49,989 Processing file: /logs_extracted/641c7eb76719eb17139deffd/var/log/apt/term.log
2023-03-23 16:30:49,989 Analysis of file /logs_extracted/641c7eb76719eb17139deffd/var/log/apt/term.log started.
2023-03-23 16:30:49,994 Trying to match Regex: HeapDumpOnOutOfMemoryError to file: /logs_extracted/641c7eb76719eb17139deffd/var/log/apt/term.log
2023-03-23 16:30:49,995 Recursing through bootstrap.log
2023-03-23 16:30:49,995 Recursing path: /logs_extracted/641c7eb76719eb17139deffd/var/log/bootstrap.log
2023-03-23 16:30:49,995 No file name provide,
2023-03-23 16:30:49,998 Processing file: /logs_extracted/641c7eb76719eb17139deffd/var/log/bootstrap.log
2023-03-23 16:30:49,998 Analysis of file /logs_extracted/641c7eb76719eb17139deffd/var/log/bootstrap.log started.
2023-03-23 16:30:50,003 Trying to match Regex: HeapDumpOnOutOfMemoryError to file: /logs_extracted/641c7eb76719eb17139deffd/var/log/bootstrap.log
2023-03-23 16:30:50,003 Recursing through btmp
2023-03-23 16:30:50,003 Recursing path: /logs_extracted/641c7eb76719eb17139deffd/var/log/btmp
2023-03-23 16:30:50,003 No file name provide,
2023-03-23 16:30:50,003 Processing file: /logs_extracted/641c7eb76719eb17139deffd/var/log/btmp
2023-03-23 16:30:50,003 Analysis of file /logs_extracted/641c7eb76719eb17139deffd/var/log/btmp started.
2023-03-23 16:30:50,005 Trying to match Regex: HeapDumpOnOutOfMemoryError to file: /logs_extracted/641c7eb76719eb17139deffd/var/log/btmp
2023-03-23 16:30:50,005 Recursing through dpkg.log
2023-03-23 16:30:50,006 Recursing path: /logs_extracted/641c7eb76719eb17139deffd/var/log/dpkg.log
2023-03-23 16:30:50,006 No file name provide,
2023-03-23 16:30:50,009 Processing file: /logs_extracted/641c7eb76719eb17139deffd/var/log/dpkg.log
2023-03-23 16:30:50,009 Analysis of file /logs_extracted/641c7eb76719eb17139deffd/var/log/dpkg.log started.
2023-03-23 16:30:50,018 Trying to match Regex: HeapDumpOnOutOfMemoryError to file: /logs_extracted/641c7eb76719eb17139deffd/var/log/dpkg.log
2023-03-23 16:30:50,018 Recursing through elasticsearch
2023-03-23 16:30:50,018 Recursing path: /logs_extracted/641c7eb76719eb17139deffd/var/log/elasticsearch
2023-03-23 16:30:50,018 No file name provide,
2023-03-23 16:30:50,019 Found dir, recursing to analyze files inside /logs_extracted/641c7eb76719eb17139deffd/var/log/elasticsearch
2023-03-23 16:30:50,024 Recursing through elasticsearch.log
2023-03-23 16:30:50,024 Recursing path: /logs_extracted/641c7eb76719eb17139deffd/var/log/elasticsearch/elasticsearch.log
2023-03-23 16:30:50,024 No file name provide,
2023-03-23 16:30:50,027 Processing file: /logs_extracted/641c7eb76719eb17139deffd/var/log/elasticsearch/elasticsearch.log
2023-03-23 16:30:50,027 Analysis of file /logs_extracted/641c7eb76719eb17139deffd/var/log/elasticsearch/elasticsearch.log started.
2023-03-23 16:30:50,031 Trying to match Regex: HeapDumpOnOutOfMemoryError to file: /logs_extracted/641c7eb76719eb17139deffd/var/log/elasticsearch/elasticsearch.log
2023-03-23 16:30:50,031 Regex: HeapDumpOnOutOfMemoryError matched file: /logs_extracted/641c7eb76719eb17139deffd/var/log/elasticsearch/elasticsearch.log
2023-03-23 16:30:50,031 Recursing through elasticsearch_audit.json
2023-03-23 16:30:50,031 Recursing path: /logs_extracted/641c7eb76719eb17139deffd/var/log/elasticsearch/elasticsearch_audit.json
2023-03-23 16:30:50,031 No file name provide,
2023-03-23 16:30:50,031 Processing file: /logs_extracted/641c7eb76719eb17139deffd/var/log/elasticsearch/elasticsearch_audit.json
2023-03-23 16:30:50,031 Analysis of file /logs_extracted/641c7eb76719eb17139deffd/var/log/elasticsearch/elasticsearch_audit.json started.
2023-03-23 16:30:50,034 Trying to match Regex: HeapDumpOnOutOfMemoryError to file: /logs_extracted/641c7eb76719eb17139deffd/var/log/elasticsearch/elasticsearch_audit.json
2023-03-23 16:30:50,034 Recursing through elasticsearch_deprecation.json
2023-03-23 16:30:50,034 Recursing path: /logs_extracted/641c7eb76719eb17139deffd/var/log/elasticsearch/elasticsearch_deprecation.json
2023-03-23 16:30:50,035 No file name provide,
2023-03-23 16:30:50,036 Processing file: /logs_extracted/641c7eb76719eb17139deffd/var/log/elasticsearch/elasticsearch_deprecation.json
2023-03-23 16:30:50,037 Analysis of file /logs_extracted/641c7eb76719eb17139deffd/var/log/elasticsearch/elasticsearch_deprecation.json started.
2023-03-23 16:30:50,039 Trying to match Regex: HeapDumpOnOutOfMemoryError to file: /logs_extracted/641c7eb76719eb17139deffd/var/log/elasticsearch/elasticsearch_deprecation.json
2023-03-23 16:30:50,039 Recursing through elasticsearch_index_indexing_slowlog.json
2023-03-23 16:30:50,039 Recursing path: /logs_extracted/641c7eb76719eb17139deffd/var/log/elasticsearch/elasticsearch_index_indexing_slowlog.json
2023-03-23 16:30:50,039 No file name provide,
2023-03-23 16:30:50,039 Processing file: /logs_extracted/641c7eb76719eb17139deffd/var/log/elasticsearch/elasticsearch_index_indexing_slowlog.json
2023-03-23 16:30:50,039 Analysis of file /logs_extracted/641c7eb76719eb17139deffd/var/log/elasticsearch/elasticsearch_index_indexing_slowlog.json started.
2023-03-23 16:30:50,041 Trying to match Regex: HeapDumpOnOutOfMemoryError to file: /logs_extracted/641c7eb76719eb17139deffd/var/log/elasticsearch/elasticsearch_index_indexing_slowlog.json
2023-03-23 16:30:50,041 Recursing through elasticsearch_index_search_slowlog.json
2023-03-23 16:30:50,041 Recursing path: /logs_extracted/641c7eb76719eb17139deffd/var/log/elasticsearch/elasticsearch_index_search_slowlog.json
2023-03-23 16:30:50,041 No file name provide,
2023-03-23 16:30:50,041 Processing file: /logs_extracted/641c7eb76719eb17139deffd/var/log/elasticsearch/elasticsearch_index_search_slowlog.json
2023-03-23 16:30:50,041 Analysis of file /logs_extracted/641c7eb76719eb17139deffd/var/log/elasticsearch/elasticsearch_index_search_slowlog.json started.
2023-03-23 16:30:50,044 Trying to match Regex: HeapDumpOnOutOfMemoryError to file: /logs_extracted/641c7eb76719eb17139deffd/var/log/elasticsearch/elasticsearch_index_search_slowlog.json
2023-03-23 16:30:50,044 Recursing through elasticsearch_server.json
2023-03-23 16:30:50,044 Recursing path: /logs_extracted/641c7eb76719eb17139deffd/var/log/elasticsearch/elasticsearch_server.json
2023-03-23 16:30:50,045 No file name provide,
2023-03-23 16:30:50,046 Processing file: /logs_extracted/641c7eb76719eb17139deffd/var/log/elasticsearch/elasticsearch_server.json
2023-03-23 16:30:50,046 Analysis of file /logs_extracted/641c7eb76719eb17139deffd/var/log/elasticsearch/elasticsearch_server.json started.
2023-03-23 16:30:50,050 Trying to match Regex: HeapDumpOnOutOfMemoryError to file: /logs_extracted/641c7eb76719eb17139deffd/var/log/elasticsearch/elasticsearch_server.json
2023-03-23 16:30:50,050 Regex: HeapDumpOnOutOfMemoryError matched file: /logs_extracted/641c7eb76719eb17139deffd/var/log/elasticsearch/elasticsearch_server.json
2023-03-23 16:30:50,050 Recursing through faillog
2023-03-23 16:30:50,050 Recursing path: /logs_extracted/641c7eb76719eb17139deffd/var/log/faillog
2023-03-23 16:30:50,050 No file name provide,
2023-03-23 16:30:50,052 Processing file: /logs_extracted/641c7eb76719eb17139deffd/var/log/faillog
2023-03-23 16:30:50,052 Analysis of file /logs_extracted/641c7eb76719eb17139deffd/var/log/faillog started.
2023-03-23 16:30:50,054 Trying to match Regex: HeapDumpOnOutOfMemoryError to file: /logs_extracted/641c7eb76719eb17139deffd/var/log/faillog
2023-03-23 16:30:50,054 Recursing through journal
2023-03-23 16:30:50,054 Recursing path: /logs_extracted/641c7eb76719eb17139deffd/var/log/journal
2023-03-23 16:30:50,054 No file name provide,
2023-03-23 16:30:50,054 Found dir, recursing to analyze files inside /logs_extracted/641c7eb76719eb17139deffd/var/log/journal
2023-03-23 16:30:50,056 Recursing through kibana
2023-03-23 16:30:50,056 Recursing path: /logs_extracted/641c7eb76719eb17139deffd/var/log/kibana
2023-03-23 16:30:50,056 No file name provide,
2023-03-23 16:30:50,058 Found dir, recursing to analyze files inside /logs_extracted/641c7eb76719eb17139deffd/var/log/kibana
2023-03-23 16:30:50,060 Recursing through kibana5.log
2023-03-23 16:30:50,060 Recursing path: /logs_extracted/641c7eb76719eb17139deffd/var/log/kibana/kibana5.log
2023-03-23 16:30:50,060 No file name provide,
2023-03-23 16:30:50,061 Processing file: /logs_extracted/641c7eb76719eb17139deffd/var/log/kibana/kibana5.log
2023-03-23 16:30:50,061 Analysis of file /logs_extracted/641c7eb76719eb17139deffd/var/log/kibana/kibana5.log started.
2023-03-23 16:30:50,063 Trying to match Regex: HeapDumpOnOutOfMemoryError to file: /logs_extracted/641c7eb76719eb17139deffd/var/log/kibana/kibana5.log
2023-03-23 16:30:50,064 Recursing through lastlog
2023-03-23 16:30:50,064 Recursing path: /logs_extracted/641c7eb76719eb17139deffd/var/log/lastlog
2023-03-23 16:30:50,064 No file name provide,
2023-03-23 16:30:50,066 Processing file: /logs_extracted/641c7eb76719eb17139deffd/var/log/lastlog
2023-03-23 16:30:50,066 Analysis of file /logs_extracted/641c7eb76719eb17139deffd/var/log/lastlog started.
2023-03-23 16:30:50,072 Trying to match Regex: HeapDumpOnOutOfMemoryError to file: /logs_extracted/641c7eb76719eb17139deffd/var/log/lastlog
2023-03-23 16:30:50,073 Recursing through logstash
2023-03-23 16:30:50,073 Recursing path: /logs_extracted/641c7eb76719eb17139deffd/var/log/logstash
2023-03-23 16:30:50,073 No file name provide,
2023-03-23 16:30:50,074 Found dir, recursing to analyze files inside /logs_extracted/641c7eb76719eb17139deffd/var/log/logstash
2023-03-23 16:30:50,078 Recursing through logstash-deprecation.log
2023-03-23 16:30:50,078 Recursing path: /logs_extracted/641c7eb76719eb17139deffd/var/log/logstash/logstash-deprecation.log
2023-03-23 16:30:50,079 No file name provide,
2023-03-23 16:30:50,079 Processing file: /logs_extracted/641c7eb76719eb17139deffd/var/log/logstash/logstash-deprecation.log
2023-03-23 16:30:50,079 Analysis of file /logs_extracted/641c7eb76719eb17139deffd/var/log/logstash/logstash-deprecation.log started.
2023-03-23 16:30:50,081 Trying to match Regex: HeapDumpOnOutOfMemoryError to file: /logs_extracted/641c7eb76719eb17139deffd/var/log/logstash/logstash-deprecation.log
2023-03-23 16:30:50,081 Recursing through logstash-json.log
2023-03-23 16:30:50,081 Recursing path: /logs_extracted/641c7eb76719eb17139deffd/var/log/logstash/logstash-json.log
2023-03-23 16:30:50,081 No file name provide,
2023-03-23 16:30:50,081 Processing file: /logs_extracted/641c7eb76719eb17139deffd/var/log/logstash/logstash-json.log
2023-03-23 16:30:50,081 Analysis of file /logs_extracted/641c7eb76719eb17139deffd/var/log/logstash/logstash-json.log started.
2023-03-23 16:30:50,083 Trying to match Regex: HeapDumpOnOutOfMemoryError to file: /logs_extracted/641c7eb76719eb17139deffd/var/log/logstash/logstash-json.log
2023-03-23 16:30:50,083 Recursing through logstash-plain.log
2023-03-23 16:30:50,083 Recursing path: /logs_extracted/641c7eb76719eb17139deffd/var/log/logstash/logstash-plain.log
2023-03-23 16:30:50,083 No file name provide,
2023-03-23 16:30:50,086 Processing file: /logs_extracted/641c7eb76719eb17139deffd/var/log/logstash/logstash-plain.log
2023-03-23 16:30:50,086 Analysis of file /logs_extracted/641c7eb76719eb17139deffd/var/log/logstash/logstash-plain.log started.
2023-03-23 16:30:50,089 Trying to match Regex: HeapDumpOnOutOfMemoryError to file: /logs_extracted/641c7eb76719eb17139deffd/var/log/logstash/logstash-plain.log
2023-03-23 16:30:50,089 Regex: HeapDumpOnOutOfMemoryError matched file: /logs_extracted/641c7eb76719eb17139deffd/var/log/logstash/logstash-plain.log
2023-03-23 16:30:50,089 Recursing through logstash-slowlog-json.log
2023-03-23 16:30:50,089 Recursing path: /logs_extracted/641c7eb76719eb17139deffd/var/log/logstash/logstash-slowlog-json.log
2023-03-23 16:30:50,089 No file name provide,
2023-03-23 16:30:50,089 Processing file: /logs_extracted/641c7eb76719eb17139deffd/var/log/logstash/logstash-slowlog-json.log
2023-03-23 16:30:50,090 Analysis of file /logs_extracted/641c7eb76719eb17139deffd/var/log/logstash/logstash-slowlog-json.log started.
2023-03-23 16:30:50,091 Trying to match Regex: HeapDumpOnOutOfMemoryError to file: /logs_extracted/641c7eb76719eb17139deffd/var/log/logstash/logstash-slowlog-json.log
2023-03-23 16:30:50,091 Recursing through logstash-slowlog-plain.log
2023-03-23 16:30:50,091 Recursing path: /logs_extracted/641c7eb76719eb17139deffd/var/log/logstash/logstash-slowlog-plain.log
2023-03-23 16:30:50,091 No file name provide,
2023-03-23 16:30:50,091 Processing file: /logs_extracted/641c7eb76719eb17139deffd/var/log/logstash/logstash-slowlog-plain.log
2023-03-23 16:30:50,091 Analysis of file /logs_extracted/641c7eb76719eb17139deffd/var/log/logstash/logstash-slowlog-plain.log started.
2023-03-23 16:30:50,093 Trying to match Regex: HeapDumpOnOutOfMemoryError to file: /logs_extracted/641c7eb76719eb17139deffd/var/log/logstash/logstash-slowlog-plain.log
2023-03-23 16:30:50,094 Recursing through logstash.err
2023-03-23 16:30:50,094 Recursing path: /logs_extracted/641c7eb76719eb17139deffd/var/log/logstash/logstash.err
2023-03-23 16:30:50,094 No file name provide,
2023-03-23 16:30:50,094 Processing file: /logs_extracted/641c7eb76719eb17139deffd/var/log/logstash/logstash.err
2023-03-23 16:30:50,095 Analysis of file /logs_extracted/641c7eb76719eb17139deffd/var/log/logstash/logstash.err started.
2023-03-23 16:30:50,096 Trying to match Regex: HeapDumpOnOutOfMemoryError to file: /logs_extracted/641c7eb76719eb17139deffd/var/log/logstash/logstash.err
2023-03-23 16:30:50,096 Recursing through logstash.stdout
2023-03-23 16:30:50,096 Recursing path: /logs_extracted/641c7eb76719eb17139deffd/var/log/logstash/logstash.stdout
2023-03-23 16:30:50,096 No file name provide,
2023-03-23 16:30:50,097 Processing file: /logs_extracted/641c7eb76719eb17139deffd/var/log/logstash/logstash.stdout
2023-03-23 16:30:50,097 Analysis of file /logs_extracted/641c7eb76719eb17139deffd/var/log/logstash/logstash.stdout started.
2023-03-23 16:30:50,099 Trying to match Regex: HeapDumpOnOutOfMemoryError to file: /logs_extracted/641c7eb76719eb17139deffd/var/log/logstash/logstash.stdout
2023-03-23 16:30:50,100 Regex: HeapDumpOnOutOfMemoryError matched file: /logs_extracted/641c7eb76719eb17139deffd/var/log/logstash/logstash.stdout
2023-03-23 16:30:50,100 Recursing through mongodb
2023-03-23 16:30:50,100 Recursing path: /logs_extracted/641c7eb76719eb17139deffd/var/log/mongodb
2023-03-23 16:30:50,100 No file name provide,
2023-03-23 16:30:50,101 Found dir, recursing to analyze files inside /logs_extracted/641c7eb76719eb17139deffd/var/log/mongodb
2023-03-23 16:30:50,104 Recursing through mongodb.log
2023-03-23 16:30:50,104 Recursing path: /logs_extracted/641c7eb76719eb17139deffd/var/log/mongodb/mongodb.log
2023-03-23 16:30:50,104 No file name provide,
2023-03-23 16:30:50,107 Processing file: /logs_extracted/641c7eb76719eb17139deffd/var/log/mongodb/mongodb.log
2023-03-23 16:30:50,107 Analysis of file /logs_extracted/641c7eb76719eb17139deffd/var/log/mongodb/mongodb.log started.
2023-03-23 16:30:50,111 Trying to match Regex: HeapDumpOnOutOfMemoryError to file: /logs_extracted/641c7eb76719eb17139deffd/var/log/mongodb/mongodb.log
2023-03-23 16:30:50,111 Recursing through private
2023-03-23 16:30:50,112 Recursing path: /logs_extracted/641c7eb76719eb17139deffd/var/log/private
2023-03-23 16:30:50,112 No file name provide,
2023-03-23 16:30:50,112 Found dir, recursing to analyze files inside /logs_extracted/641c7eb76719eb17139deffd/var/log/private
2023-03-23 16:30:50,113 Recursing through syslog
2023-03-23 16:30:50,113 Recursing path: /logs_extracted/641c7eb76719eb17139deffd/var/log/syslog
2023-03-23 16:30:50,113 No file name provide,
2023-03-23 16:30:50,113 Processing file: /logs_extracted/641c7eb76719eb17139deffd/var/log/syslog
2023-03-23 16:30:50,113 Analysis of file /logs_extracted/641c7eb76719eb17139deffd/var/log/syslog started.
2023-03-23 16:30:50,115 Trying to match Regex: HeapDumpOnOutOfMemoryError to file: /logs_extracted/641c7eb76719eb17139deffd/var/log/syslog
2023-03-23 16:30:50,116 Recursing through wtmp
2023-03-23 16:30:50,116 Recursing path: /logs_extracted/641c7eb76719eb17139deffd/var/log/wtmp
2023-03-23 16:30:50,116 No file name provide,
2023-03-23 16:30:50,116 Processing file: /logs_extracted/641c7eb76719eb17139deffd/var/log/wtmp
2023-03-23 16:30:50,116 Analysis of file /logs_extracted/641c7eb76719eb17139deffd/var/log/wtmp started.
2023-03-23 16:30:50,117 Trying to match Regex: HeapDumpOnOutOfMemoryError to file: /logs_extracted/641c7eb76719eb17139deffd/var/log/wtmp
2023-03-23 16:30:50,118 processing sign: {'product': 'ElasticSearch', 'issue': 'Health-4567', 'name': 'Good Health', 'signature': 'current\\.health\\=\\"GREEN\\"', 'workaround': 'Not Applicable', 'severity': 'Information'}
2023-03-23 16:30:50,118 Recursing path: /logs_extracted/641c7eb76719eb17139deffd
2023-03-23 16:30:50,118 No file name provide,
2023-03-23 16:30:50,119 Found dir, recursing to analyze files inside /logs_extracted/641c7eb76719eb17139deffd
2023-03-23 16:30:50,119 Recursing through opt
2023-03-23 16:30:50,119 Recursing path: /logs_extracted/641c7eb76719eb17139deffd/opt
2023-03-23 16:30:50,119 No file name provide,
2023-03-23 16:30:50,120 Found dir, recursing to analyze files inside /logs_extracted/641c7eb76719eb17139deffd/opt
2023-03-23 16:30:50,121 Recursing through elasticsearch
2023-03-23 16:30:50,121 Recursing path: /logs_extracted/641c7eb76719eb17139deffd/opt/elasticsearch
2023-03-23 16:30:50,121 No file name provide,
2023-03-23 16:30:50,122 Found dir, recursing to analyze files inside /logs_extracted/641c7eb76719eb17139deffd/opt/elasticsearch
2023-03-23 16:30:50,122 Recursing through logs
2023-03-23 16:30:50,123 Recursing path: /logs_extracted/641c7eb76719eb17139deffd/opt/elasticsearch/logs
2023-03-23 16:30:50,123 No file name provide,
2023-03-23 16:30:50,124 Found dir, recursing to analyze files inside /logs_extracted/641c7eb76719eb17139deffd/opt/elasticsearch/logs
2023-03-23 16:30:50,124 Recursing through gc.log
2023-03-23 16:30:50,124 Recursing path: /logs_extracted/641c7eb76719eb17139deffd/opt/elasticsearch/logs/gc.log
2023-03-23 16:30:50,124 No file name provide,
2023-03-23 16:30:50,126 Processing file: /logs_extracted/641c7eb76719eb17139deffd/opt/elasticsearch/logs/gc.log
2023-03-23 16:30:50,126 Analysis of file /logs_extracted/641c7eb76719eb17139deffd/opt/elasticsearch/logs/gc.log started.
2023-03-23 16:30:50,129 Trying to match Regex: current\.health\=\"GREEN\" to file: /logs_extracted/641c7eb76719eb17139deffd/opt/elasticsearch/logs/gc.log
2023-03-23 16:30:50,129 Recursing through gc.log.00
2023-03-23 16:30:50,129 Recursing path: /logs_extracted/641c7eb76719eb17139deffd/opt/elasticsearch/logs/gc.log.00
2023-03-23 16:30:50,129 No file name provide,
2023-03-23 16:30:50,130 Processing file: /logs_extracted/641c7eb76719eb17139deffd/opt/elasticsearch/logs/gc.log.00
2023-03-23 16:30:50,131 Analysis of file /logs_extracted/641c7eb76719eb17139deffd/opt/elasticsearch/logs/gc.log.00 started.
2023-03-23 16:30:50,132 Trying to match Regex: current\.health\=\"GREEN\" to file: /logs_extracted/641c7eb76719eb17139deffd/opt/elasticsearch/logs/gc.log.00
2023-03-23 16:30:50,132 Recursing through gc.log.01
2023-03-23 16:30:50,132 Recursing path: /logs_extracted/641c7eb76719eb17139deffd/opt/elasticsearch/logs/gc.log.01
2023-03-23 16:30:50,132 No file name provide,
2023-03-23 16:30:50,134 Processing file: /logs_extracted/641c7eb76719eb17139deffd/opt/elasticsearch/logs/gc.log.01
2023-03-23 16:30:50,134 Analysis of file /logs_extracted/641c7eb76719eb17139deffd/opt/elasticsearch/logs/gc.log.01 started.
2023-03-23 16:30:50,136 Trying to match Regex: current\.health\=\"GREEN\" to file: /logs_extracted/641c7eb76719eb17139deffd/opt/elasticsearch/logs/gc.log.01
2023-03-23 16:30:50,136 Recursing through kibana
2023-03-23 16:30:50,136 Recursing path: /logs_extracted/641c7eb76719eb17139deffd/opt/kibana
2023-03-23 16:30:50,136 No file name provide,
2023-03-23 16:30:50,137 Found dir, recursing to analyze files inside /logs_extracted/641c7eb76719eb17139deffd/opt/kibana
2023-03-23 16:30:50,138 Recursing through logs
2023-03-23 16:30:50,138 Recursing path: /logs_extracted/641c7eb76719eb17139deffd/opt/kibana/logs
2023-03-23 16:30:50,138 No file name provide,
2023-03-23 16:30:50,140 Found dir, recursing to analyze files inside /logs_extracted/641c7eb76719eb17139deffd/opt/kibana/logs
2023-03-23 16:30:50,140 Recursing through var
2023-03-23 16:30:50,140 Recursing path: /logs_extracted/641c7eb76719eb17139deffd/var
2023-03-23 16:30:50,140 No file name provide,
2023-03-23 16:30:50,142 Found dir, recursing to analyze files inside /logs_extracted/641c7eb76719eb17139deffd/var
2023-03-23 16:30:50,142 Recursing through log
2023-03-23 16:30:50,142 Recursing path: /logs_extracted/641c7eb76719eb17139deffd/var/log
2023-03-23 16:30:50,142 No file name provide,
2023-03-23 16:30:50,143 Found dir, recursing to analyze files inside /logs_extracted/641c7eb76719eb17139deffd/var/log
2023-03-23 16:30:50,144 Recursing through alternatives.log
2023-03-23 16:30:50,144 Recursing path: /logs_extracted/641c7eb76719eb17139deffd/var/log/alternatives.log
2023-03-23 16:30:50,144 No file name provide,
2023-03-23 16:30:50,147 Processing file: /logs_extracted/641c7eb76719eb17139deffd/var/log/alternatives.log
2023-03-23 16:30:50,147 Analysis of file /logs_extracted/641c7eb76719eb17139deffd/var/log/alternatives.log started.
2023-03-23 16:30:50,150 Trying to match Regex: current\.health\=\"GREEN\" to file: /logs_extracted/641c7eb76719eb17139deffd/var/log/alternatives.log
2023-03-23 16:30:50,151 Recursing through apt
2023-03-23 16:30:50,151 Recursing path: /logs_extracted/641c7eb76719eb17139deffd/var/log/apt
2023-03-23 16:30:50,151 No file name provide,
2023-03-23 16:30:50,152 Found dir, recursing to analyze files inside /logs_extracted/641c7eb76719eb17139deffd/var/log/apt
2023-03-23 16:30:50,152 Recursing through eipp.log.xz
2023-03-23 16:30:50,152 Recursing path: /logs_extracted/641c7eb76719eb17139deffd/var/log/apt/eipp.log.xz
2023-03-23 16:30:50,152 No file name provide,
2023-03-23 16:30:50,153 Processing file: /logs_extracted/641c7eb76719eb17139deffd/var/log/apt/eipp.log.xz
2023-03-23 16:30:50,153 Analysis of file /logs_extracted/641c7eb76719eb17139deffd/var/log/apt/eipp.log.xz started.
2023-03-23 16:30:50,154 failed to process file: /logs_extracted/641c7eb76719eb17139deffd/var/log/apt/eipp.log.xz
2023-03-23 16:30:50,155 Analyzing log file: Completed
2023-03-23 16:30:50,155 Recursing through history.log
2023-03-23 16:30:50,155 Recursing path: /logs_extracted/641c7eb76719eb17139deffd/var/log/apt/history.log
2023-03-23 16:30:50,155 No file name provide,
2023-03-23 16:30:50,159 Processing file: /logs_extracted/641c7eb76719eb17139deffd/var/log/apt/history.log
2023-03-23 16:30:50,159 Analysis of file /logs_extracted/641c7eb76719eb17139deffd/var/log/apt/history.log started.
2023-03-23 16:30:50,162 Trying to match Regex: current\.health\=\"GREEN\" to file: /logs_extracted/641c7eb76719eb17139deffd/var/log/apt/history.log
2023-03-23 16:30:50,162 Recursing through term.log
2023-03-23 16:30:50,162 Recursing path: /logs_extracted/641c7eb76719eb17139deffd/var/log/apt/term.log
2023-03-23 16:30:50,162 No file name provide,
2023-03-23 16:30:50,165 Processing file: /logs_extracted/641c7eb76719eb17139deffd/var/log/apt/term.log
2023-03-23 16:30:50,165 Analysis of file /logs_extracted/641c7eb76719eb17139deffd/var/log/apt/term.log started.
2023-03-23 16:30:50,169 Trying to match Regex: current\.health\=\"GREEN\" to file: /logs_extracted/641c7eb76719eb17139deffd/var/log/apt/term.log
2023-03-23 16:30:50,170 Recursing through bootstrap.log
2023-03-23 16:30:50,170 Recursing path: /logs_extracted/641c7eb76719eb17139deffd/var/log/bootstrap.log
2023-03-23 16:30:50,170 No file name provide,
2023-03-23 16:30:50,172 Processing file: /logs_extracted/641c7eb76719eb17139deffd/var/log/bootstrap.log
2023-03-23 16:30:50,172 Analysis of file /logs_extracted/641c7eb76719eb17139deffd/var/log/bootstrap.log started.
2023-03-23 16:30:50,175 Trying to match Regex: current\.health\=\"GREEN\" to file: /logs_extracted/641c7eb76719eb17139deffd/var/log/bootstrap.log
2023-03-23 16:30:50,175 Recursing through btmp
2023-03-23 16:30:50,175 Recursing path: /logs_extracted/641c7eb76719eb17139deffd/var/log/btmp
2023-03-23 16:30:50,175 No file name provide,
2023-03-23 16:30:50,176 Processing file: /logs_extracted/641c7eb76719eb17139deffd/var/log/btmp
2023-03-23 16:30:50,176 Analysis of file /logs_extracted/641c7eb76719eb17139deffd/var/log/btmp started.
2023-03-23 16:30:50,177 Trying to match Regex: current\.health\=\"GREEN\" to file: /logs_extracted/641c7eb76719eb17139deffd/var/log/btmp
2023-03-23 16:30:50,178 Recursing through dpkg.log
2023-03-23 16:30:50,178 Recursing path: /logs_extracted/641c7eb76719eb17139deffd/var/log/dpkg.log
2023-03-23 16:30:50,178 No file name provide,
2023-03-23 16:30:50,180 Processing file: /logs_extracted/641c7eb76719eb17139deffd/var/log/dpkg.log
2023-03-23 16:30:50,180 Analysis of file /logs_extracted/641c7eb76719eb17139deffd/var/log/dpkg.log started.
2023-03-23 16:30:50,185 Trying to match Regex: current\.health\=\"GREEN\" to file: /logs_extracted/641c7eb76719eb17139deffd/var/log/dpkg.log
2023-03-23 16:30:50,186 Recursing through elasticsearch
2023-03-23 16:30:50,186 Recursing path: /logs_extracted/641c7eb76719eb17139deffd/var/log/elasticsearch
2023-03-23 16:30:50,186 No file name provide,
2023-03-23 16:30:50,188 Found dir, recursing to analyze files inside /logs_extracted/641c7eb76719eb17139deffd/var/log/elasticsearch
2023-03-23 16:30:50,188 Recursing through elasticsearch.log
2023-03-23 16:30:50,188 Recursing path: /logs_extracted/641c7eb76719eb17139deffd/var/log/elasticsearch/elasticsearch.log
2023-03-23 16:30:50,188 No file name provide,
2023-03-23 16:30:50,191 Processing file: /logs_extracted/641c7eb76719eb17139deffd/var/log/elasticsearch/elasticsearch.log
2023-03-23 16:30:50,191 Analysis of file /logs_extracted/641c7eb76719eb17139deffd/var/log/elasticsearch/elasticsearch.log started.
2023-03-23 16:30:50,193 Trying to match Regex: current\.health\=\"GREEN\" to file: /logs_extracted/641c7eb76719eb17139deffd/var/log/elasticsearch/elasticsearch.log
2023-03-23 16:30:50,193 Regex: current\.health\=\"GREEN\" matched file: /logs_extracted/641c7eb76719eb17139deffd/var/log/elasticsearch/elasticsearch.log
2023-03-23 16:30:50,193 Regex: current\.health\=\"GREEN\" matched file: /logs_extracted/641c7eb76719eb17139deffd/var/log/elasticsearch/elasticsearch.log
2023-03-23 16:30:50,193 Regex: current\.health\=\"GREEN\" matched file: /logs_extracted/641c7eb76719eb17139deffd/var/log/elasticsearch/elasticsearch.log
2023-03-23 16:30:50,193 Regex: current\.health\=\"GREEN\" matched file: /logs_extracted/641c7eb76719eb17139deffd/var/log/elasticsearch/elasticsearch.log
2023-03-23 16:30:50,193 Regex: current\.health\=\"GREEN\" matched file: /logs_extracted/641c7eb76719eb17139deffd/var/log/elasticsearch/elasticsearch.log
2023-03-23 16:30:50,193 Regex: current\.health\=\"GREEN\" matched file: /logs_extracted/641c7eb76719eb17139deffd/var/log/elasticsearch/elasticsearch.log
2023-03-23 16:30:50,193 Recursing through elasticsearch_audit.json
2023-03-23 16:30:50,193 Recursing path: /logs_extracted/641c7eb76719eb17139deffd/var/log/elasticsearch/elasticsearch_audit.json
2023-03-23 16:30:50,193 No file name provide,
2023-03-23 16:30:50,194 Processing file: /logs_extracted/641c7eb76719eb17139deffd/var/log/elasticsearch/elasticsearch_audit.json
2023-03-23 16:30:50,194 Analysis of file /logs_extracted/641c7eb76719eb17139deffd/var/log/elasticsearch/elasticsearch_audit.json started.
2023-03-23 16:30:50,196 Trying to match Regex: current\.health\=\"GREEN\" to file: /logs_extracted/641c7eb76719eb17139deffd/var/log/elasticsearch/elasticsearch_audit.json
2023-03-23 16:30:50,196 Recursing through elasticsearch_deprecation.json
2023-03-23 16:30:50,196 Recursing path: /logs_extracted/641c7eb76719eb17139deffd/var/log/elasticsearch/elasticsearch_deprecation.json
2023-03-23 16:30:50,196 No file name provide,
2023-03-23 16:30:50,197 Processing file: /logs_extracted/641c7eb76719eb17139deffd/var/log/elasticsearch/elasticsearch_deprecation.json
2023-03-23 16:30:50,198 Analysis of file /logs_extracted/641c7eb76719eb17139deffd/var/log/elasticsearch/elasticsearch_deprecation.json started.
2023-03-23 16:30:50,200 Trying to match Regex: current\.health\=\"GREEN\" to file: /logs_extracted/641c7eb76719eb17139deffd/var/log/elasticsearch/elasticsearch_deprecation.json
2023-03-23 16:30:50,200 Recursing through elasticsearch_index_indexing_slowlog.json
2023-03-23 16:30:50,200 Recursing path: /logs_extracted/641c7eb76719eb17139deffd/var/log/elasticsearch/elasticsearch_index_indexing_slowlog.json
2023-03-23 16:30:50,200 No file name provide,
2023-03-23 16:30:50,202 Processing file: /logs_extracted/641c7eb76719eb17139deffd/var/log/elasticsearch/elasticsearch_index_indexing_slowlog.json
2023-03-23 16:30:50,202 Analysis of file /logs_extracted/641c7eb76719eb17139deffd/var/log/elasticsearch/elasticsearch_index_indexing_slowlog.json started.
2023-03-23 16:30:50,204 Trying to match Regex: current\.health\=\"GREEN\" to file: /logs_extracted/641c7eb76719eb17139deffd/var/log/elasticsearch/elasticsearch_index_indexing_slowlog.json
2023-03-23 16:30:50,204 Recursing through elasticsearch_index_search_slowlog.json
2023-03-23 16:30:50,204 Recursing path: /logs_extracted/641c7eb76719eb17139deffd/var/log/elasticsearch/elasticsearch_index_search_slowlog.json
2023-03-23 16:30:50,205 No file name provide,
2023-03-23 16:30:50,206 Processing file: /logs_extracted/641c7eb76719eb17139deffd/var/log/elasticsearch/elasticsearch_index_search_slowlog.json
2023-03-23 16:30:50,206 Analysis of file /logs_extracted/641c7eb76719eb17139deffd/var/log/elasticsearch/elasticsearch_index_search_slowlog.json started.
2023-03-23 16:30:50,208 Trying to match Regex: current\.health\=\"GREEN\" to file: /logs_extracted/641c7eb76719eb17139deffd/var/log/elasticsearch/elasticsearch_index_search_slowlog.json
2023-03-23 16:30:50,208 Recursing through elasticsearch_server.json
2023-03-23 16:30:50,208 Recursing path: /logs_extracted/641c7eb76719eb17139deffd/var/log/elasticsearch/elasticsearch_server.json
2023-03-23 16:30:50,208 No file name provide,
2023-03-23 16:30:50,210 Processing file: /logs_extracted/641c7eb76719eb17139deffd/var/log/elasticsearch/elasticsearch_server.json
2023-03-23 16:30:50,210 Analysis of file /logs_extracted/641c7eb76719eb17139deffd/var/log/elasticsearch/elasticsearch_server.json started.
2023-03-23 16:30:50,212 Trying to match Regex: current\.health\=\"GREEN\" to file: /logs_extracted/641c7eb76719eb17139deffd/var/log/elasticsearch/elasticsearch_server.json
2023-03-23 16:30:50,212 Recursing through faillog
2023-03-23 16:30:50,212 Recursing path: /logs_extracted/641c7eb76719eb17139deffd/var/log/faillog
2023-03-23 16:30:50,212 No file name provide,
2023-03-23 16:30:50,213 Processing file: /logs_extracted/641c7eb76719eb17139deffd/var/log/faillog
2023-03-23 16:30:50,214 Analysis of file /logs_extracted/641c7eb76719eb17139deffd/var/log/faillog started.
2023-03-23 16:30:50,215 Trying to match Regex: current\.health\=\"GREEN\" to file: /logs_extracted/641c7eb76719eb17139deffd/var/log/faillog
2023-03-23 16:30:50,215 Recursing through journal
2023-03-23 16:30:50,215 Recursing path: /logs_extracted/641c7eb76719eb17139deffd/var/log/journal
2023-03-23 16:30:50,215 No file name provide,
2023-03-23 16:30:50,216 Found dir, recursing to analyze files inside /logs_extracted/641c7eb76719eb17139deffd/var/log/journal
2023-03-23 16:30:50,217 Recursing through kibana
2023-03-23 16:30:50,217 Recursing path: /logs_extracted/641c7eb76719eb17139deffd/var/log/kibana
2023-03-23 16:30:50,217 No file name provide,
2023-03-23 16:30:50,218 Found dir, recursing to analyze files inside /logs_extracted/641c7eb76719eb17139deffd/var/log/kibana
2023-03-23 16:30:50,218 Recursing through kibana5.log
2023-03-23 16:30:50,219 Recursing path: /logs_extracted/641c7eb76719eb17139deffd/var/log/kibana/kibana5.log
2023-03-23 16:30:50,219 No file name provide,
2023-03-23 16:30:50,220 Processing file: /logs_extracted/641c7eb76719eb17139deffd/var/log/kibana/kibana5.log
2023-03-23 16:30:50,220 Analysis of file /logs_extracted/641c7eb76719eb17139deffd/var/log/kibana/kibana5.log started.
2023-03-23 16:30:50,222 Trying to match Regex: current\.health\=\"GREEN\" to file: /logs_extracted/641c7eb76719eb17139deffd/var/log/kibana/kibana5.log
2023-03-23 16:30:50,222 Recursing through lastlog
2023-03-23 16:30:50,222 Recursing path: /logs_extracted/641c7eb76719eb17139deffd/var/log/lastlog
2023-03-23 16:30:50,222 No file name provide,
2023-03-23 16:30:50,223 Processing file: /logs_extracted/641c7eb76719eb17139deffd/var/log/lastlog
2023-03-23 16:30:50,223 Analysis of file /logs_extracted/641c7eb76719eb17139deffd/var/log/lastlog started.
2023-03-23 16:30:50,225 Trying to match Regex: current\.health\=\"GREEN\" to file: /logs_extracted/641c7eb76719eb17139deffd/var/log/lastlog
2023-03-23 16:30:50,225 Recursing through logstash
2023-03-23 16:30:50,226 Recursing path: /logs_extracted/641c7eb76719eb17139deffd/var/log/logstash
2023-03-23 16:30:50,226 No file name provide,
2023-03-23 16:30:50,227 Found dir, recursing to analyze files inside /logs_extracted/641c7eb76719eb17139deffd/var/log/logstash
2023-03-23 16:30:50,227 Recursing through logstash-deprecation.log
2023-03-23 16:30:50,227 Recursing path: /logs_extracted/641c7eb76719eb17139deffd/var/log/logstash/logstash-deprecation.log
2023-03-23 16:30:50,228 No file name provide,
2023-03-23 16:30:50,229 Processing file: /logs_extracted/641c7eb76719eb17139deffd/var/log/logstash/logstash-deprecation.log
2023-03-23 16:30:50,229 Analysis of file /logs_extracted/641c7eb76719eb17139deffd/var/log/logstash/logstash-deprecation.log started.
2023-03-23 16:30:50,230 Trying to match Regex: current\.health\=\"GREEN\" to file: /logs_extracted/641c7eb76719eb17139deffd/var/log/logstash/logstash-deprecation.log
2023-03-23 16:30:50,230 Recursing through logstash-json.log
2023-03-23 16:30:50,230 Recursing path: /logs_extracted/641c7eb76719eb17139deffd/var/log/logstash/logstash-json.log
2023-03-23 16:30:50,231 No file name provide,
2023-03-23 16:30:50,232 Processing file: /logs_extracted/641c7eb76719eb17139deffd/var/log/logstash/logstash-json.log
2023-03-23 16:30:50,232 Analysis of file /logs_extracted/641c7eb76719eb17139deffd/var/log/logstash/logstash-json.log started.
2023-03-23 16:30:50,234 Trying to match Regex: current\.health\=\"GREEN\" to file: /logs_extracted/641c7eb76719eb17139deffd/var/log/logstash/logstash-json.log
2023-03-23 16:30:50,234 Recursing through logstash-plain.log
2023-03-23 16:30:50,234 Recursing path: /logs_extracted/641c7eb76719eb17139deffd/var/log/logstash/logstash-plain.log
2023-03-23 16:30:50,234 No file name provide,
2023-03-23 16:30:50,237 Processing file: /logs_extracted/641c7eb76719eb17139deffd/var/log/logstash/logstash-plain.log
2023-03-23 16:30:50,237 Analysis of file /logs_extracted/641c7eb76719eb17139deffd/var/log/logstash/logstash-plain.log started.
2023-03-23 16:30:50,239 Trying to match Regex: current\.health\=\"GREEN\" to file: /logs_extracted/641c7eb76719eb17139deffd/var/log/logstash/logstash-plain.log
2023-03-23 16:30:50,240 Recursing through logstash-slowlog-json.log
2023-03-23 16:30:50,240 Recursing path: /logs_extracted/641c7eb76719eb17139deffd/var/log/logstash/logstash-slowlog-json.log
2023-03-23 16:30:50,240 No file name provide,
2023-03-23 16:30:50,241 Processing file: /logs_extracted/641c7eb76719eb17139deffd/var/log/logstash/logstash-slowlog-json.log
2023-03-23 16:30:50,241 Analysis of file /logs_extracted/641c7eb76719eb17139deffd/var/log/logstash/logstash-slowlog-json.log started.
2023-03-23 16:30:50,242 Trying to match Regex: current\.health\=\"GREEN\" to file: /logs_extracted/641c7eb76719eb17139deffd/var/log/logstash/logstash-slowlog-json.log
2023-03-23 16:30:50,243 Recursing through logstash-slowlog-plain.log
2023-03-23 16:30:50,243 Recursing path: /logs_extracted/641c7eb76719eb17139deffd/var/log/logstash/logstash-slowlog-plain.log
2023-03-23 16:30:50,243 No file name provide,
2023-03-23 16:30:50,244 Processing file: /logs_extracted/641c7eb76719eb17139deffd/var/log/logstash/logstash-slowlog-plain.log
2023-03-23 16:30:50,244 Analysis of file /logs_extracted/641c7eb76719eb17139deffd/var/log/logstash/logstash-slowlog-plain.log started.
2023-03-23 16:30:50,246 Trying to match Regex: current\.health\=\"GREEN\" to file: /logs_extracted/641c7eb76719eb17139deffd/var/log/logstash/logstash-slowlog-plain.log
2023-03-23 16:30:50,247 Recursing through logstash.err
2023-03-23 16:30:50,247 Recursing path: /logs_extracted/641c7eb76719eb17139deffd/var/log/logstash/logstash.err
2023-03-23 16:30:50,247 No file name provide,
2023-03-23 16:30:50,249 Processing file: /logs_extracted/641c7eb76719eb17139deffd/var/log/logstash/logstash.err
2023-03-23 16:30:50,249 Analysis of file /logs_extracted/641c7eb76719eb17139deffd/var/log/logstash/logstash.err started.
2023-03-23 16:30:50,251 Trying to match Regex: current\.health\=\"GREEN\" to file: /logs_extracted/641c7eb76719eb17139deffd/var/log/logstash/logstash.err
2023-03-23 16:30:50,251 Recursing through logstash.stdout
2023-03-23 16:30:50,251 Recursing path: /logs_extracted/641c7eb76719eb17139deffd/var/log/logstash/logstash.stdout
2023-03-23 16:30:50,251 No file name provide,
2023-03-23 16:30:50,253 Processing file: /logs_extracted/641c7eb76719eb17139deffd/var/log/logstash/logstash.stdout
2023-03-23 16:30:50,253 Analysis of file /logs_extracted/641c7eb76719eb17139deffd/var/log/logstash/logstash.stdout started.
2023-03-23 16:30:50,254 Trying to match Regex: current\.health\=\"GREEN\" to file: /logs_extracted/641c7eb76719eb17139deffd/var/log/logstash/logstash.stdout
2023-03-23 16:30:50,254 Recursing through mongodb
2023-03-23 16:30:50,254 Recursing path: /logs_extracted/641c7eb76719eb17139deffd/var/log/mongodb
2023-03-23 16:30:50,254 No file name provide,
2023-03-23 16:30:50,256 Found dir, recursing to analyze files inside /logs_extracted/641c7eb76719eb17139deffd/var/log/mongodb
2023-03-23 16:30:50,256 Recursing through mongodb.log
2023-03-23 16:30:50,256 Recursing path: /logs_extracted/641c7eb76719eb17139deffd/var/log/mongodb/mongodb.log
2023-03-23 16:30:50,256 No file name provide,
2023-03-23 16:30:50,259 Processing file: /logs_extracted/641c7eb76719eb17139deffd/var/log/mongodb/mongodb.log
2023-03-23 16:30:50,259 Analysis of file /logs_extracted/641c7eb76719eb17139deffd/var/log/mongodb/mongodb.log started.
2023-03-23 16:30:50,263 Trying to match Regex: current\.health\=\"GREEN\" to file: /logs_extracted/641c7eb76719eb17139deffd/var/log/mongodb/mongodb.log
2023-03-23 16:30:50,263 Recursing through private
2023-03-23 16:30:50,263 Recursing path: /logs_extracted/641c7eb76719eb17139deffd/var/log/private
2023-03-23 16:30:50,264 No file name provide,
2023-03-23 16:30:50,265 Found dir, recursing to analyze files inside /logs_extracted/641c7eb76719eb17139deffd/var/log/private
2023-03-23 16:30:50,265 Recursing through syslog
2023-03-23 16:30:50,265 Recursing path: /logs_extracted/641c7eb76719eb17139deffd/var/log/syslog
2023-03-23 16:30:50,266 No file name provide,
2023-03-23 16:30:50,267 Processing file: /logs_extracted/641c7eb76719eb17139deffd/var/log/syslog
2023-03-23 16:30:50,268 Analysis of file /logs_extracted/641c7eb76719eb17139deffd/var/log/syslog started.
2023-03-23 16:30:50,269 Trying to match Regex: current\.health\=\"GREEN\" to file: /logs_extracted/641c7eb76719eb17139deffd/var/log/syslog
2023-03-23 16:30:50,269 Recursing through wtmp
2023-03-23 16:30:50,269 Recursing path: /logs_extracted/641c7eb76719eb17139deffd/var/log/wtmp
2023-03-23 16:30:50,270 No file name provide,
2023-03-23 16:30:50,271 Processing file: /logs_extracted/641c7eb76719eb17139deffd/var/log/wtmp
2023-03-23 16:30:50,271 Analysis of file /logs_extracted/641c7eb76719eb17139deffd/var/log/wtmp started.
2023-03-23 16:30:50,273 Trying to match Regex: current\.health\=\"GREEN\" to file: /logs_extracted/641c7eb76719eb17139deffd/var/log/wtmp
2023-03-23 16:30:50,273 processing sign: {'product': 'MongoDB', 'issue': 'Mongo-4567', 'name': 'Mongo Access Control Disabled', 'signature': 'Access control is not enabled for the database.', 'workaround': 'Enable Access control for the database.', 'severity': 'Warning'}
2023-03-23 16:30:50,273 Recursing path: /logs_extracted/641c7eb76719eb17139deffd
2023-03-23 16:30:50,273 No file name provide,
2023-03-23 16:30:50,273 Found dir, recursing to analyze files inside /logs_extracted/641c7eb76719eb17139deffd
2023-03-23 16:30:50,273 Recursing through opt
2023-03-23 16:30:50,274 Recursing path: /logs_extracted/641c7eb76719eb17139deffd/opt
2023-03-23 16:30:50,274 No file name provide,
2023-03-23 16:30:50,274 Found dir, recursing to analyze files inside /logs_extracted/641c7eb76719eb17139deffd/opt
2023-03-23 16:30:50,274 Recursing through elasticsearch
2023-03-23 16:30:50,274 Recursing path: /logs_extracted/641c7eb76719eb17139deffd/opt/elasticsearch
2023-03-23 16:30:50,275 No file name provide,
2023-03-23 16:30:50,275 Found dir, recursing to analyze files inside /logs_extracted/641c7eb76719eb17139deffd/opt/elasticsearch
2023-03-23 16:30:50,275 Recursing through logs
2023-03-23 16:30:50,275 Recursing path: /logs_extracted/641c7eb76719eb17139deffd/opt/elasticsearch/logs
2023-03-23 16:30:50,275 No file name provide,
2023-03-23 16:30:50,275 Found dir, recursing to analyze files inside /logs_extracted/641c7eb76719eb17139deffd/opt/elasticsearch/logs
2023-03-23 16:30:50,275 Recursing through gc.log
2023-03-23 16:30:50,275 Recursing path: /logs_extracted/641c7eb76719eb17139deffd/opt/elasticsearch/logs/gc.log
2023-03-23 16:30:50,275 No file name provide,
2023-03-23 16:30:50,276 Processing file: /logs_extracted/641c7eb76719eb17139deffd/opt/elasticsearch/logs/gc.log
2023-03-23 16:30:50,276 Analysis of file /logs_extracted/641c7eb76719eb17139deffd/opt/elasticsearch/logs/gc.log started.
2023-03-23 16:30:50,279 Trying to match Regex: Access control is not enabled for the database. to file: /logs_extracted/641c7eb76719eb17139deffd/opt/elasticsearch/logs/gc.log
2023-03-23 16:30:50,280 Recursing through gc.log.00
2023-03-23 16:30:50,280 Recursing path: /logs_extracted/641c7eb76719eb17139deffd/opt/elasticsearch/logs/gc.log.00
2023-03-23 16:30:50,280 No file name provide,
2023-03-23 16:30:50,280 Processing file: /logs_extracted/641c7eb76719eb17139deffd/opt/elasticsearch/logs/gc.log.00
2023-03-23 16:30:50,280 Analysis of file /logs_extracted/641c7eb76719eb17139deffd/opt/elasticsearch/logs/gc.log.00 started.
2023-03-23 16:30:50,282 Trying to match Regex: Access control is not enabled for the database. to file: /logs_extracted/641c7eb76719eb17139deffd/opt/elasticsearch/logs/gc.log.00
2023-03-23 16:30:50,282 Recursing through gc.log.01
2023-03-23 16:30:50,282 Recursing path: /logs_extracted/641c7eb76719eb17139deffd/opt/elasticsearch/logs/gc.log.01
2023-03-23 16:30:50,282 No file name provide,
2023-03-23 16:30:50,282 Processing file: /logs_extracted/641c7eb76719eb17139deffd/opt/elasticsearch/logs/gc.log.01
2023-03-23 16:30:50,282 Analysis of file /logs_extracted/641c7eb76719eb17139deffd/opt/elasticsearch/logs/gc.log.01 started.
2023-03-23 16:30:50,284 Trying to match Regex: Access control is not enabled for the database. to file: /logs_extracted/641c7eb76719eb17139deffd/opt/elasticsearch/logs/gc.log.01
2023-03-23 16:30:50,284 Recursing through kibana
2023-03-23 16:30:50,285 Recursing path: /logs_extracted/641c7eb76719eb17139deffd/opt/kibana
2023-03-23 16:30:50,285 No file name provide,
2023-03-23 16:30:50,285 Found dir, recursing to analyze files inside /logs_extracted/641c7eb76719eb17139deffd/opt/kibana
2023-03-23 16:30:50,285 Recursing through logs
2023-03-23 16:30:50,286 Recursing path: /logs_extracted/641c7eb76719eb17139deffd/opt/kibana/logs
2023-03-23 16:30:50,286 No file name provide,
2023-03-23 16:30:50,286 Found dir, recursing to analyze files inside /logs_extracted/641c7eb76719eb17139deffd/opt/kibana/logs
2023-03-23 16:30:50,286 Recursing through var
2023-03-23 16:30:50,286 Recursing path: /logs_extracted/641c7eb76719eb17139deffd/var
2023-03-23 16:30:50,286 No file name provide,
2023-03-23 16:30:50,287 Found dir, recursing to analyze files inside /logs_extracted/641c7eb76719eb17139deffd/var
2023-03-23 16:30:50,287 Recursing through log
2023-03-23 16:30:50,287 Recursing path: /logs_extracted/641c7eb76719eb17139deffd/var/log
2023-03-23 16:30:50,287 No file name provide,
2023-03-23 16:30:50,288 Found dir, recursing to analyze files inside /logs_extracted/641c7eb76719eb17139deffd/var/log
2023-03-23 16:30:50,288 Recursing through alternatives.log
2023-03-23 16:30:50,288 Recursing path: /logs_extracted/641c7eb76719eb17139deffd/var/log/alternatives.log
2023-03-23 16:30:50,288 No file name provide,
2023-03-23 16:30:50,288 Processing file: /logs_extracted/641c7eb76719eb17139deffd/var/log/alternatives.log
2023-03-23 16:30:50,288 Analysis of file /logs_extracted/641c7eb76719eb17139deffd/var/log/alternatives.log started.
2023-03-23 16:30:50,292 Trying to match Regex: Access control is not enabled for the database. to file: /logs_extracted/641c7eb76719eb17139deffd/var/log/alternatives.log
2023-03-23 16:30:50,292 Recursing through apt
2023-03-23 16:30:50,292 Recursing path: /logs_extracted/641c7eb76719eb17139deffd/var/log/apt
2023-03-23 16:30:50,292 No file name provide,
2023-03-23 16:30:50,292 Found dir, recursing to analyze files inside /logs_extracted/641c7eb76719eb17139deffd/var/log/apt
2023-03-23 16:30:50,292 Recursing through eipp.log.xz
2023-03-23 16:30:50,293 Recursing path: /logs_extracted/641c7eb76719eb17139deffd/var/log/apt/eipp.log.xz
2023-03-23 16:30:50,293 No file name provide,
2023-03-23 16:30:50,293 Processing file: /logs_extracted/641c7eb76719eb17139deffd/var/log/apt/eipp.log.xz
2023-03-23 16:30:50,293 Analysis of file /logs_extracted/641c7eb76719eb17139deffd/var/log/apt/eipp.log.xz started.
2023-03-23 16:30:50,295 failed to process file: /logs_extracted/641c7eb76719eb17139deffd/var/log/apt/eipp.log.xz
2023-03-23 16:30:50,296 Analyzing log file: Completed
2023-03-23 16:30:50,296 Recursing through history.log
2023-03-23 16:30:50,296 Recursing path: /logs_extracted/641c7eb76719eb17139deffd/var/log/apt/history.log
2023-03-23 16:30:50,296 No file name provide,
2023-03-23 16:30:50,296 Processing file: /logs_extracted/641c7eb76719eb17139deffd/var/log/apt/history.log
2023-03-23 16:30:50,296 Analysis of file /logs_extracted/641c7eb76719eb17139deffd/var/log/apt/history.log started.
2023-03-23 16:30:50,300 Trying to match Regex: Access control is not enabled for the database. to file: /logs_extracted/641c7eb76719eb17139deffd/var/log/apt/history.log
2023-03-23 16:30:50,300 Recursing through term.log
2023-03-23 16:30:50,300 Recursing path: /logs_extracted/641c7eb76719eb17139deffd/var/log/apt/term.log
2023-03-23 16:30:50,300 No file name provide,
2023-03-23 16:30:50,301 Processing file: /logs_extracted/641c7eb76719eb17139deffd/var/log/apt/term.log
2023-03-23 16:30:50,301 Analysis of file /logs_extracted/641c7eb76719eb17139deffd/var/log/apt/term.log started.
2023-03-23 16:30:50,306 Trying to match Regex: Access control is not enabled for the database. to file: /logs_extracted/641c7eb76719eb17139deffd/var/log/apt/term.log
2023-03-23 16:30:50,306 Recursing through bootstrap.log
2023-03-23 16:30:50,306 Recursing path: /logs_extracted/641c7eb76719eb17139deffd/var/log/bootstrap.log
2023-03-23 16:30:50,306 No file name provide,
2023-03-23 16:30:50,306 Processing file: /logs_extracted/641c7eb76719eb17139deffd/var/log/bootstrap.log
2023-03-23 16:30:50,306 Analysis of file /logs_extracted/641c7eb76719eb17139deffd/var/log/bootstrap.log started.
2023-03-23 16:30:50,310 Trying to match Regex: Access control is not enabled for the database. to file: /logs_extracted/641c7eb76719eb17139deffd/var/log/bootstrap.log
2023-03-23 16:30:50,311 Recursing through btmp
2023-03-23 16:30:50,311 Recursing path: /logs_extracted/641c7eb76719eb17139deffd/var/log/btmp
2023-03-23 16:30:50,311 No file name provide,
2023-03-23 16:30:50,311 Processing file: /logs_extracted/641c7eb76719eb17139deffd/var/log/btmp
2023-03-23 16:30:50,311 Analysis of file /logs_extracted/641c7eb76719eb17139deffd/var/log/btmp started.
2023-03-23 16:30:50,313 Trying to match Regex: Access control is not enabled for the database. to file: /logs_extracted/641c7eb76719eb17139deffd/var/log/btmp
2023-03-23 16:30:50,313 Recursing through dpkg.log
2023-03-23 16:30:50,313 Recursing path: /logs_extracted/641c7eb76719eb17139deffd/var/log/dpkg.log
2023-03-23 16:30:50,314 No file name provide,
2023-03-23 16:30:50,314 Processing file: /logs_extracted/641c7eb76719eb17139deffd/var/log/dpkg.log
2023-03-23 16:30:50,314 Analysis of file /logs_extracted/641c7eb76719eb17139deffd/var/log/dpkg.log started.
2023-03-23 16:30:50,318 Trying to match Regex: Access control is not enabled for the database. to file: /logs_extracted/641c7eb76719eb17139deffd/var/log/dpkg.log
2023-03-23 16:30:50,319 Recursing through elasticsearch
2023-03-23 16:30:50,320 Recursing path: /logs_extracted/641c7eb76719eb17139deffd/var/log/elasticsearch
2023-03-23 16:30:50,320 No file name provide,
2023-03-23 16:30:50,320 Found dir, recursing to analyze files inside /logs_extracted/641c7eb76719eb17139deffd/var/log/elasticsearch
2023-03-23 16:30:50,321 Recursing through elasticsearch.log
2023-03-23 16:30:50,321 Recursing path: /logs_extracted/641c7eb76719eb17139deffd/var/log/elasticsearch/elasticsearch.log
2023-03-23 16:30:50,321 No file name provide,
2023-03-23 16:30:50,321 Processing file: /logs_extracted/641c7eb76719eb17139deffd/var/log/elasticsearch/elasticsearch.log
2023-03-23 16:30:50,321 Analysis of file /logs_extracted/641c7eb76719eb17139deffd/var/log/elasticsearch/elasticsearch.log started.
2023-03-23 16:30:50,324 Trying to match Regex: Access control is not enabled for the database. to file: /logs_extracted/641c7eb76719eb17139deffd/var/log/elasticsearch/elasticsearch.log
2023-03-23 16:30:50,324 Recursing through elasticsearch_audit.json
2023-03-23 16:30:50,324 Recursing path: /logs_extracted/641c7eb76719eb17139deffd/var/log/elasticsearch/elasticsearch_audit.json
2023-03-23 16:30:50,324 No file name provide,
2023-03-23 16:30:50,325 Processing file: /logs_extracted/641c7eb76719eb17139deffd/var/log/elasticsearch/elasticsearch_audit.json
2023-03-23 16:30:50,325 Analysis of file /logs_extracted/641c7eb76719eb17139deffd/var/log/elasticsearch/elasticsearch_audit.json started.
2023-03-23 16:30:50,326 Trying to match Regex: Access control is not enabled for the database. to file: /logs_extracted/641c7eb76719eb17139deffd/var/log/elasticsearch/elasticsearch_audit.json
2023-03-23 16:30:50,326 Recursing through elasticsearch_deprecation.json
2023-03-23 16:30:50,326 Recursing path: /logs_extracted/641c7eb76719eb17139deffd/var/log/elasticsearch/elasticsearch_deprecation.json
2023-03-23 16:30:50,326 No file name provide,
2023-03-23 16:30:50,326 Processing file: /logs_extracted/641c7eb76719eb17139deffd/var/log/elasticsearch/elasticsearch_deprecation.json
2023-03-23 16:30:50,327 Analysis of file /logs_extracted/641c7eb76719eb17139deffd/var/log/elasticsearch/elasticsearch_deprecation.json started.
2023-03-23 16:30:50,328 Trying to match Regex: Access control is not enabled for the database. to file: /logs_extracted/641c7eb76719eb17139deffd/var/log/elasticsearch/elasticsearch_deprecation.json
2023-03-23 16:30:50,328 Recursing through elasticsearch_index_indexing_slowlog.json
2023-03-23 16:30:50,328 Recursing path: /logs_extracted/641c7eb76719eb17139deffd/var/log/elasticsearch/elasticsearch_index_indexing_slowlog.json
2023-03-23 16:30:50,328 No file name provide,
2023-03-23 16:30:50,329 Processing file: /logs_extracted/641c7eb76719eb17139deffd/var/log/elasticsearch/elasticsearch_index_indexing_slowlog.json
2023-03-23 16:30:50,329 Analysis of file /logs_extracted/641c7eb76719eb17139deffd/var/log/elasticsearch/elasticsearch_index_indexing_slowlog.json started.
2023-03-23 16:30:50,331 Trying to match Regex: Access control is not enabled for the database. to file: /logs_extracted/641c7eb76719eb17139deffd/var/log/elasticsearch/elasticsearch_index_indexing_slowlog.json
2023-03-23 16:30:50,331 Recursing through elasticsearch_index_search_slowlog.json
2023-03-23 16:30:50,331 Recursing path: /logs_extracted/641c7eb76719eb17139deffd/var/log/elasticsearch/elasticsearch_index_search_slowlog.json
2023-03-23 16:30:50,332 No file name provide,
2023-03-23 16:30:50,332 Processing file: /logs_extracted/641c7eb76719eb17139deffd/var/log/elasticsearch/elasticsearch_index_search_slowlog.json
2023-03-23 16:30:50,332 Analysis of file /logs_extracted/641c7eb76719eb17139deffd/var/log/elasticsearch/elasticsearch_index_search_slowlog.json started.
2023-03-23 16:30:50,333 Trying to match Regex: Access control is not enabled for the database. to file: /logs_extracted/641c7eb76719eb17139deffd/var/log/elasticsearch/elasticsearch_index_search_slowlog.json
2023-03-23 16:30:50,334 Recursing through elasticsearch_server.json
2023-03-23 16:30:50,334 Recursing path: /logs_extracted/641c7eb76719eb17139deffd/var/log/elasticsearch/elasticsearch_server.json
2023-03-23 16:30:50,334 No file name provide,
2023-03-23 16:30:50,334 Processing file: /logs_extracted/641c7eb76719eb17139deffd/var/log/elasticsearch/elasticsearch_server.json
2023-03-23 16:30:50,334 Analysis of file /logs_extracted/641c7eb76719eb17139deffd/var/log/elasticsearch/elasticsearch_server.json started.
2023-03-23 16:30:50,338 Trying to match Regex: Access control is not enabled for the database. to file: /logs_extracted/641c7eb76719eb17139deffd/var/log/elasticsearch/elasticsearch_server.json
2023-03-23 16:30:50,338 Recursing through faillog
2023-03-23 16:30:50,338 Recursing path: /logs_extracted/641c7eb76719eb17139deffd/var/log/faillog
2023-03-23 16:30:50,338 No file name provide,
2023-03-23 16:30:50,338 Processing file: /logs_extracted/641c7eb76719eb17139deffd/var/log/faillog
2023-03-23 16:30:50,338 Analysis of file /logs_extracted/641c7eb76719eb17139deffd/var/log/faillog started.
2023-03-23 16:30:50,340 Trying to match Regex: Access control is not enabled for the database. to file: /logs_extracted/641c7eb76719eb17139deffd/var/log/faillog
2023-03-23 16:30:50,340 Recursing through journal
2023-03-23 16:30:50,340 Recursing path: /logs_extracted/641c7eb76719eb17139deffd/var/log/journal
2023-03-23 16:30:50,340 No file name provide,
2023-03-23 16:30:50,340 Found dir, recursing to analyze files inside /logs_extracted/641c7eb76719eb17139deffd/var/log/journal
2023-03-23 16:30:50,340 Recursing through kibana
2023-03-23 16:30:50,340 Recursing path: /logs_extracted/641c7eb76719eb17139deffd/var/log/kibana
2023-03-23 16:30:50,340 No file name provide,
2023-03-23 16:30:50,341 Found dir, recursing to analyze files inside /logs_extracted/641c7eb76719eb17139deffd/var/log/kibana
2023-03-23 16:30:50,341 Recursing through kibana5.log
2023-03-23 16:30:50,341 Recursing path: /logs_extracted/641c7eb76719eb17139deffd/var/log/kibana/kibana5.log
2023-03-23 16:30:50,341 No file name provide,
2023-03-23 16:30:50,341 Processing file: /logs_extracted/641c7eb76719eb17139deffd/var/log/kibana/kibana5.log
2023-03-23 16:30:50,341 Analysis of file /logs_extracted/641c7eb76719eb17139deffd/var/log/kibana/kibana5.log started.
2023-03-23 16:30:50,343 Trying to match Regex: Access control is not enabled for the database. to file: /logs_extracted/641c7eb76719eb17139deffd/var/log/kibana/kibana5.log
2023-03-23 16:30:50,343 Recursing through lastlog
2023-03-23 16:30:50,343 Recursing path: /logs_extracted/641c7eb76719eb17139deffd/var/log/lastlog
2023-03-23 16:30:50,343 No file name provide,
2023-03-23 16:30:50,343 Processing file: /logs_extracted/641c7eb76719eb17139deffd/var/log/lastlog
2023-03-23 16:30:50,343 Analysis of file /logs_extracted/641c7eb76719eb17139deffd/var/log/lastlog started.
2023-03-23 16:30:50,346 Trying to match Regex: Access control is not enabled for the database. to file: /logs_extracted/641c7eb76719eb17139deffd/var/log/lastlog
2023-03-23 16:30:50,346 Recursing through logstash
2023-03-23 16:30:50,347 Recursing path: /logs_extracted/641c7eb76719eb17139deffd/var/log/logstash
2023-03-23 16:30:50,347 No file name provide,
2023-03-23 16:30:50,347 Found dir, recursing to analyze files inside /logs_extracted/641c7eb76719eb17139deffd/var/log/logstash
2023-03-23 16:30:50,347 Recursing through logstash-deprecation.log
2023-03-23 16:30:50,348 Recursing path: /logs_extracted/641c7eb76719eb17139deffd/var/log/logstash/logstash-deprecation.log
2023-03-23 16:30:50,348 No file name provide,
2023-03-23 16:30:50,348 Processing file: /logs_extracted/641c7eb76719eb17139deffd/var/log/logstash/logstash-deprecation.log
2023-03-23 16:30:50,349 Analysis of file /logs_extracted/641c7eb76719eb17139deffd/var/log/logstash/logstash-deprecation.log started.
2023-03-23 16:30:50,351 Trying to match Regex: Access control is not enabled for the database. to file: /logs_extracted/641c7eb76719eb17139deffd/var/log/logstash/logstash-deprecation.log
2023-03-23 16:30:50,351 Recursing through logstash-json.log
2023-03-23 16:30:50,351 Recursing path: /logs_extracted/641c7eb76719eb17139deffd/var/log/logstash/logstash-json.log
2023-03-23 16:30:50,351 No file name provide,
2023-03-23 16:30:50,351 Processing file: /logs_extracted/641c7eb76719eb17139deffd/var/log/logstash/logstash-json.log
2023-03-23 16:30:50,351 Analysis of file /logs_extracted/641c7eb76719eb17139deffd/var/log/logstash/logstash-json.log started.
2023-03-23 16:30:50,353 Trying to match Regex: Access control is not enabled for the database. to file: /logs_extracted/641c7eb76719eb17139deffd/var/log/logstash/logstash-json.log
2023-03-23 16:30:50,353 Recursing through logstash-plain.log
2023-03-23 16:30:50,353 Recursing path: /logs_extracted/641c7eb76719eb17139deffd/var/log/logstash/logstash-plain.log
2023-03-23 16:30:50,353 No file name provide,
2023-03-23 16:30:50,354 Processing file: /logs_extracted/641c7eb76719eb17139deffd/var/log/logstash/logstash-plain.log
2023-03-23 16:30:50,354 Analysis of file /logs_extracted/641c7eb76719eb17139deffd/var/log/logstash/logstash-plain.log started.
2023-03-23 16:30:50,357 Trying to match Regex: Access control is not enabled for the database. to file: /logs_extracted/641c7eb76719eb17139deffd/var/log/logstash/logstash-plain.log
2023-03-23 16:30:50,358 Recursing through logstash-slowlog-json.log
2023-03-23 16:30:50,358 Recursing path: /logs_extracted/641c7eb76719eb17139deffd/var/log/logstash/logstash-slowlog-json.log
2023-03-23 16:30:50,358 No file name provide,
2023-03-23 16:30:50,358 Processing file: /logs_extracted/641c7eb76719eb17139deffd/var/log/logstash/logstash-slowlog-json.log
2023-03-23 16:30:50,358 Analysis of file /logs_extracted/641c7eb76719eb17139deffd/var/log/logstash/logstash-slowlog-json.log started.
2023-03-23 16:30:50,361 Trying to match Regex: Access control is not enabled for the database. to file: /logs_extracted/641c7eb76719eb17139deffd/var/log/logstash/logstash-slowlog-json.log
2023-03-23 16:30:50,361 Recursing through logstash-slowlog-plain.log
2023-03-23 16:30:50,361 Recursing path: /logs_extracted/641c7eb76719eb17139deffd/var/log/logstash/logstash-slowlog-plain.log
2023-03-23 16:30:50,361 No file name provide,
2023-03-23 16:30:50,361 Processing file: /logs_extracted/641c7eb76719eb17139deffd/var/log/logstash/logstash-slowlog-plain.log
2023-03-23 16:30:50,362 Analysis of file /logs_extracted/641c7eb76719eb17139deffd/var/log/logstash/logstash-slowlog-plain.log started.
2023-03-23 16:30:50,363 Trying to match Regex: Access control is not enabled for the database. to file: /logs_extracted/641c7eb76719eb17139deffd/var/log/logstash/logstash-slowlog-plain.log
2023-03-23 16:30:50,363 Recursing through logstash.err
2023-03-23 16:30:50,363 Recursing path: /logs_extracted/641c7eb76719eb17139deffd/var/log/logstash/logstash.err
2023-03-23 16:30:50,363 No file name provide,
2023-03-23 16:30:50,363 Processing file: /logs_extracted/641c7eb76719eb17139deffd/var/log/logstash/logstash.err
2023-03-23 16:30:50,363 Analysis of file /logs_extracted/641c7eb76719eb17139deffd/var/log/logstash/logstash.err started.
2023-03-23 16:30:50,365 Trying to match Regex: Access control is not enabled for the database. to file: /logs_extracted/641c7eb76719eb17139deffd/var/log/logstash/logstash.err
2023-03-23 16:30:50,365 Recursing through logstash.stdout
2023-03-23 16:30:50,365 Recursing path: /logs_extracted/641c7eb76719eb17139deffd/var/log/logstash/logstash.stdout
2023-03-23 16:30:50,365 No file name provide,
2023-03-23 16:30:50,365 Processing file: /logs_extracted/641c7eb76719eb17139deffd/var/log/logstash/logstash.stdout
2023-03-23 16:30:50,365 Analysis of file /logs_extracted/641c7eb76719eb17139deffd/var/log/logstash/logstash.stdout started.
2023-03-23 16:30:50,366 Trying to match Regex: Access control is not enabled for the database. to file: /logs_extracted/641c7eb76719eb17139deffd/var/log/logstash/logstash.stdout
2023-03-23 16:30:50,367 Recursing through mongodb
2023-03-23 16:30:50,367 Recursing path: /logs_extracted/641c7eb76719eb17139deffd/var/log/mongodb
2023-03-23 16:30:50,367 No file name provide,
2023-03-23 16:30:50,367 Found dir, recursing to analyze files inside /logs_extracted/641c7eb76719eb17139deffd/var/log/mongodb
2023-03-23 16:30:50,368 Recursing through mongodb.log
2023-03-23 16:30:50,368 Recursing path: /logs_extracted/641c7eb76719eb17139deffd/var/log/mongodb/mongodb.log
2023-03-23 16:30:50,368 No file name provide,
2023-03-23 16:30:50,368 Processing file: /logs_extracted/641c7eb76719eb17139deffd/var/log/mongodb/mongodb.log
2023-03-23 16:30:50,369 Analysis of file /logs_extracted/641c7eb76719eb17139deffd/var/log/mongodb/mongodb.log started.
2023-03-23 16:30:50,372 Trying to match Regex: Access control is not enabled for the database. to file: /logs_extracted/641c7eb76719eb17139deffd/var/log/mongodb/mongodb.log
2023-03-23 16:30:50,373 Regex: Access control is not enabled for the database. matched file: /logs_extracted/641c7eb76719eb17139deffd/var/log/mongodb/mongodb.log
2023-03-23 16:30:50,373 Recursing through private
2023-03-23 16:30:50,373 Recursing path: /logs_extracted/641c7eb76719eb17139deffd/var/log/private
2023-03-23 16:30:50,373 No file name provide,
2023-03-23 16:30:50,373 Found dir, recursing to analyze files inside /logs_extracted/641c7eb76719eb17139deffd/var/log/private
2023-03-23 16:30:50,374 Recursing through syslog
2023-03-23 16:30:50,374 Recursing path: /logs_extracted/641c7eb76719eb17139deffd/var/log/syslog
2023-03-23 16:30:50,374 No file name provide,
2023-03-23 16:30:50,374 Processing file: /logs_extracted/641c7eb76719eb17139deffd/var/log/syslog
2023-03-23 16:30:50,374 Analysis of file /logs_extracted/641c7eb76719eb17139deffd/var/log/syslog started.
2023-03-23 16:30:50,375 Trying to match Regex: Access control is not enabled for the database. to file: /logs_extracted/641c7eb76719eb17139deffd/var/log/syslog
2023-03-23 16:30:50,376 Recursing through wtmp
2023-03-23 16:30:50,376 Recursing path: /logs_extracted/641c7eb76719eb17139deffd/var/log/wtmp
2023-03-23 16:30:50,376 No file name provide,
2023-03-23 16:30:50,376 Processing file: /logs_extracted/641c7eb76719eb17139deffd/var/log/wtmp
2023-03-23 16:30:50,376 Analysis of file /logs_extracted/641c7eb76719eb17139deffd/var/log/wtmp started.
2023-03-23 16:30:50,378 Trying to match Regex: Access control is not enabled for the database. to file: /logs_extracted/641c7eb76719eb17139deffd/var/log/wtmp
2023-03-23 16:30:50,378 processing sign: {'product': 'Logstash', 'issue': 'Logstash-4567', 'name': 'Logstash Connection Warning', 'signature': 'Restored connection to ES instance', 'workaround': 'Not applicable.', 'severity': 'Warning'}
2023-03-23 16:30:50,378 Recursing path: /logs_extracted/641c7eb76719eb17139deffd
2023-03-23 16:30:50,378 No file name provide,
2023-03-23 16:30:50,378 Found dir, recursing to analyze files inside /logs_extracted/641c7eb76719eb17139deffd
2023-03-23 16:30:50,379 Recursing through opt
2023-03-23 16:30:50,379 Recursing path: /logs_extracted/641c7eb76719eb17139deffd/opt
2023-03-23 16:30:50,379 No file name provide,
2023-03-23 16:30:50,379 Found dir, recursing to analyze files inside /logs_extracted/641c7eb76719eb17139deffd/opt
2023-03-23 16:30:50,379 Recursing through elasticsearch
2023-03-23 16:30:50,379 Recursing path: /logs_extracted/641c7eb76719eb17139deffd/opt/elasticsearch
2023-03-23 16:30:50,379 No file name provide,
2023-03-23 16:30:50,379 Found dir, recursing to analyze files inside /logs_extracted/641c7eb76719eb17139deffd/opt/elasticsearch
2023-03-23 16:30:50,379 Recursing through logs
2023-03-23 16:30:50,379 Recursing path: /logs_extracted/641c7eb76719eb17139deffd/opt/elasticsearch/logs
2023-03-23 16:30:50,379 No file name provide,
2023-03-23 16:30:50,379 Found dir, recursing to analyze files inside /logs_extracted/641c7eb76719eb17139deffd/opt/elasticsearch/logs
2023-03-23 16:30:50,380 Recursing through gc.log
2023-03-23 16:30:50,380 Recursing path: /logs_extracted/641c7eb76719eb17139deffd/opt/elasticsearch/logs/gc.log
2023-03-23 16:30:50,380 No file name provide,
2023-03-23 16:30:50,380 Processing file: /logs_extracted/641c7eb76719eb17139deffd/opt/elasticsearch/logs/gc.log
2023-03-23 16:30:50,380 Analysis of file /logs_extracted/641c7eb76719eb17139deffd/opt/elasticsearch/logs/gc.log started.
2023-03-23 16:30:50,382 Trying to match Regex: Restored connection to ES instance to file: /logs_extracted/641c7eb76719eb17139deffd/opt/elasticsearch/logs/gc.log
2023-03-23 16:30:50,383 Recursing through gc.log.00
2023-03-23 16:30:50,383 Recursing path: /logs_extracted/641c7eb76719eb17139deffd/opt/elasticsearch/logs/gc.log.00
2023-03-23 16:30:50,383 No file name provide,
2023-03-23 16:30:50,383 Processing file: /logs_extracted/641c7eb76719eb17139deffd/opt/elasticsearch/logs/gc.log.00
2023-03-23 16:30:50,383 Analysis of file /logs_extracted/641c7eb76719eb17139deffd/opt/elasticsearch/logs/gc.log.00 started.
2023-03-23 16:30:50,384 Trying to match Regex: Restored connection to ES instance to file: /logs_extracted/641c7eb76719eb17139deffd/opt/elasticsearch/logs/gc.log.00
2023-03-23 16:30:50,384 Recursing through gc.log.01
2023-03-23 16:30:50,384 Recursing path: /logs_extracted/641c7eb76719eb17139deffd/opt/elasticsearch/logs/gc.log.01
2023-03-23 16:30:50,384 No file name provide,
2023-03-23 16:30:50,384 Processing file: /logs_extracted/641c7eb76719eb17139deffd/opt/elasticsearch/logs/gc.log.01
2023-03-23 16:30:50,384 Analysis of file /logs_extracted/641c7eb76719eb17139deffd/opt/elasticsearch/logs/gc.log.01 started.
2023-03-23 16:30:50,385 Trying to match Regex: Restored connection to ES instance to file: /logs_extracted/641c7eb76719eb17139deffd/opt/elasticsearch/logs/gc.log.01
2023-03-23 16:30:50,385 Recursing through kibana
2023-03-23 16:30:50,385 Recursing path: /logs_extracted/641c7eb76719eb17139deffd/opt/kibana
2023-03-23 16:30:50,385 No file name provide,
2023-03-23 16:30:50,385 Found dir, recursing to analyze files inside /logs_extracted/641c7eb76719eb17139deffd/opt/kibana
2023-03-23 16:30:50,386 Recursing through logs
2023-03-23 16:30:50,386 Recursing path: /logs_extracted/641c7eb76719eb17139deffd/opt/kibana/logs
2023-03-23 16:30:50,386 No file name provide,
2023-03-23 16:30:50,386 Found dir, recursing to analyze files inside /logs_extracted/641c7eb76719eb17139deffd/opt/kibana/logs
2023-03-23 16:30:50,387 Recursing through var
2023-03-23 16:30:50,387 Recursing path: /logs_extracted/641c7eb76719eb17139deffd/var
2023-03-23 16:30:50,387 No file name provide,
2023-03-23 16:30:50,387 Found dir, recursing to analyze files inside /logs_extracted/641c7eb76719eb17139deffd/var
2023-03-23 16:30:50,387 Recursing through log
2023-03-23 16:30:50,387 Recursing path: /logs_extracted/641c7eb76719eb17139deffd/var/log
2023-03-23 16:30:50,387 No file name provide,
2023-03-23 16:30:50,387 Found dir, recursing to analyze files inside /logs_extracted/641c7eb76719eb17139deffd/var/log
2023-03-23 16:30:50,387 Recursing through alternatives.log
2023-03-23 16:30:50,387 Recursing path: /logs_extracted/641c7eb76719eb17139deffd/var/log/alternatives.log
2023-03-23 16:30:50,387 No file name provide,
2023-03-23 16:30:50,388 Processing file: /logs_extracted/641c7eb76719eb17139deffd/var/log/alternatives.log
2023-03-23 16:30:50,388 Analysis of file /logs_extracted/641c7eb76719eb17139deffd/var/log/alternatives.log started.
2023-03-23 16:30:50,390 Trying to match Regex: Restored connection to ES instance to file: /logs_extracted/641c7eb76719eb17139deffd/var/log/alternatives.log
2023-03-23 16:30:50,390 Recursing through apt
2023-03-23 16:30:50,390 Recursing path: /logs_extracted/641c7eb76719eb17139deffd/var/log/apt
2023-03-23 16:30:50,390 No file name provide,
2023-03-23 16:30:50,390 Found dir, recursing to analyze files inside /logs_extracted/641c7eb76719eb17139deffd/var/log/apt
2023-03-23 16:30:50,390 Recursing through eipp.log.xz
2023-03-23 16:30:50,390 Recursing path: /logs_extracted/641c7eb76719eb17139deffd/var/log/apt/eipp.log.xz
2023-03-23 16:30:50,390 No file name provide,
2023-03-23 16:30:50,390 Processing file: /logs_extracted/641c7eb76719eb17139deffd/var/log/apt/eipp.log.xz
2023-03-23 16:30:50,390 Analysis of file /logs_extracted/641c7eb76719eb17139deffd/var/log/apt/eipp.log.xz started.
2023-03-23 16:30:50,391 failed to process file: /logs_extracted/641c7eb76719eb17139deffd/var/log/apt/eipp.log.xz
2023-03-23 16:30:50,392 Analyzing log file: Completed
2023-03-23 16:30:50,392 Recursing through history.log
2023-03-23 16:30:50,392 Recursing path: /logs_extracted/641c7eb76719eb17139deffd/var/log/apt/history.log
2023-03-23 16:30:50,392 No file name provide,
2023-03-23 16:30:50,392 Processing file: /logs_extracted/641c7eb76719eb17139deffd/var/log/apt/history.log
2023-03-23 16:30:50,392 Analysis of file /logs_extracted/641c7eb76719eb17139deffd/var/log/apt/history.log started.
2023-03-23 16:30:50,394 Trying to match Regex: Restored connection to ES instance to file: /logs_extracted/641c7eb76719eb17139deffd/var/log/apt/history.log
2023-03-23 16:30:50,394 Recursing through term.log
2023-03-23 16:30:50,394 Recursing path: /logs_extracted/641c7eb76719eb17139deffd/var/log/apt/term.log
2023-03-23 16:30:50,395 No file name provide,
2023-03-23 16:30:50,395 Processing file: /logs_extracted/641c7eb76719eb17139deffd/var/log/apt/term.log
2023-03-23 16:30:50,395 Analysis of file /logs_extracted/641c7eb76719eb17139deffd/var/log/apt/term.log started.
2023-03-23 16:30:50,397 Trying to match Regex: Restored connection to ES instance to file: /logs_extracted/641c7eb76719eb17139deffd/var/log/apt/term.log
2023-03-23 16:30:50,397 Recursing through bootstrap.log
2023-03-23 16:30:50,397 Recursing path: /logs_extracted/641c7eb76719eb17139deffd/var/log/bootstrap.log
2023-03-23 16:30:50,397 No file name provide,
2023-03-23 16:30:50,398 Processing file: /logs_extracted/641c7eb76719eb17139deffd/var/log/bootstrap.log
2023-03-23 16:30:50,398 Analysis of file /logs_extracted/641c7eb76719eb17139deffd/var/log/bootstrap.log started.
2023-03-23 16:30:50,399 Trying to match Regex: Restored connection to ES instance to file: /logs_extracted/641c7eb76719eb17139deffd/var/log/bootstrap.log
2023-03-23 16:30:50,400 Recursing through btmp
2023-03-23 16:30:50,400 Recursing path: /logs_extracted/641c7eb76719eb17139deffd/var/log/btmp
2023-03-23 16:30:50,400 No file name provide,
2023-03-23 16:30:50,400 Processing file: /logs_extracted/641c7eb76719eb17139deffd/var/log/btmp
2023-03-23 16:30:50,400 Analysis of file /logs_extracted/641c7eb76719eb17139deffd/var/log/btmp started.
2023-03-23 16:30:50,401 Trying to match Regex: Restored connection to ES instance to file: /logs_extracted/641c7eb76719eb17139deffd/var/log/btmp
2023-03-23 16:30:50,401 Recursing through dpkg.log
2023-03-23 16:30:50,401 Recursing path: /logs_extracted/641c7eb76719eb17139deffd/var/log/dpkg.log
2023-03-23 16:30:50,401 No file name provide,
2023-03-23 16:30:50,401 Processing file: /logs_extracted/641c7eb76719eb17139deffd/var/log/dpkg.log
2023-03-23 16:30:50,401 Analysis of file /logs_extracted/641c7eb76719eb17139deffd/var/log/dpkg.log started.
2023-03-23 16:30:50,403 Trying to match Regex: Restored connection to ES instance to file: /logs_extracted/641c7eb76719eb17139deffd/var/log/dpkg.log
2023-03-23 16:30:50,404 Recursing through elasticsearch
2023-03-23 16:30:50,404 Recursing path: /logs_extracted/641c7eb76719eb17139deffd/var/log/elasticsearch
2023-03-23 16:30:50,404 No file name provide,
2023-03-23 16:30:50,404 Found dir, recursing to analyze files inside /logs_extracted/641c7eb76719eb17139deffd/var/log/elasticsearch
2023-03-23 16:30:50,404 Recursing through elasticsearch.log
2023-03-23 16:30:50,404 Recursing path: /logs_extracted/641c7eb76719eb17139deffd/var/log/elasticsearch/elasticsearch.log
2023-03-23 16:30:50,404 No file name provide,
2023-03-23 16:30:50,404 Processing file: /logs_extracted/641c7eb76719eb17139deffd/var/log/elasticsearch/elasticsearch.log
2023-03-23 16:30:50,404 Analysis of file /logs_extracted/641c7eb76719eb17139deffd/var/log/elasticsearch/elasticsearch.log started.
2023-03-23 16:30:50,406 Trying to match Regex: Restored connection to ES instance to file: /logs_extracted/641c7eb76719eb17139deffd/var/log/elasticsearch/elasticsearch.log
2023-03-23 16:30:50,407 Recursing through elasticsearch_audit.json
2023-03-23 16:30:50,407 Recursing path: /logs_extracted/641c7eb76719eb17139deffd/var/log/elasticsearch/elasticsearch_audit.json
2023-03-23 16:30:50,407 No file name provide,
2023-03-23 16:30:50,407 Processing file: /logs_extracted/641c7eb76719eb17139deffd/var/log/elasticsearch/elasticsearch_audit.json
2023-03-23 16:30:50,407 Analysis of file /logs_extracted/641c7eb76719eb17139deffd/var/log/elasticsearch/elasticsearch_audit.json started.
2023-03-23 16:30:50,409 Trying to match Regex: Restored connection to ES instance to file: /logs_extracted/641c7eb76719eb17139deffd/var/log/elasticsearch/elasticsearch_audit.json
2023-03-23 16:30:50,409 Recursing through elasticsearch_deprecation.json
2023-03-23 16:30:50,409 Recursing path: /logs_extracted/641c7eb76719eb17139deffd/var/log/elasticsearch/elasticsearch_deprecation.json
2023-03-23 16:30:50,409 No file name provide,
2023-03-23 16:30:50,409 Processing file: /logs_extracted/641c7eb76719eb17139deffd/var/log/elasticsearch/elasticsearch_deprecation.json
2023-03-23 16:30:50,409 Analysis of file /logs_extracted/641c7eb76719eb17139deffd/var/log/elasticsearch/elasticsearch_deprecation.json started.
2023-03-23 16:30:50,410 Trying to match Regex: Restored connection to ES instance to file: /logs_extracted/641c7eb76719eb17139deffd/var/log/elasticsearch/elasticsearch_deprecation.json
2023-03-23 16:30:50,410 Recursing through elasticsearch_index_indexing_slowlog.json
2023-03-23 16:30:50,410 Recursing path: /logs_extracted/641c7eb76719eb17139deffd/var/log/elasticsearch/elasticsearch_index_indexing_slowlog.json
2023-03-23 16:30:50,410 No file name provide,
2023-03-23 16:30:50,410 Processing file: /logs_extracted/641c7eb76719eb17139deffd/var/log/elasticsearch/elasticsearch_index_indexing_slowlog.json
2023-03-23 16:30:50,410 Analysis of file /logs_extracted/641c7eb76719eb17139deffd/var/log/elasticsearch/elasticsearch_index_indexing_slowlog.json started.
2023-03-23 16:30:50,411 Trying to match Regex: Restored connection to ES instance to file: /logs_extracted/641c7eb76719eb17139deffd/var/log/elasticsearch/elasticsearch_index_indexing_slowlog.json
2023-03-23 16:30:50,411 Recursing through elasticsearch_index_search_slowlog.json
2023-03-23 16:30:50,412 Recursing path: /logs_extracted/641c7eb76719eb17139deffd/var/log/elasticsearch/elasticsearch_index_search_slowlog.json
2023-03-23 16:30:50,412 No file name provide,
2023-03-23 16:30:50,412 Processing file: /logs_extracted/641c7eb76719eb17139deffd/var/log/elasticsearch/elasticsearch_index_search_slowlog.json
2023-03-23 16:30:50,412 Analysis of file /logs_extracted/641c7eb76719eb17139deffd/var/log/elasticsearch/elasticsearch_index_search_slowlog.json started.
2023-03-23 16:30:50,413 Trying to match Regex: Restored connection to ES instance to file: /logs_extracted/641c7eb76719eb17139deffd/var/log/elasticsearch/elasticsearch_index_search_slowlog.json
2023-03-23 16:30:50,413 Recursing through elasticsearch_server.json
2023-03-23 16:30:50,413 Recursing path: /logs_extracted/641c7eb76719eb17139deffd/var/log/elasticsearch/elasticsearch_server.json
2023-03-23 16:30:50,413 No file name provide,
2023-03-23 16:30:50,413 Processing file: /logs_extracted/641c7eb76719eb17139deffd/var/log/elasticsearch/elasticsearch_server.json
2023-03-23 16:30:50,413 Analysis of file /logs_extracted/641c7eb76719eb17139deffd/var/log/elasticsearch/elasticsearch_server.json started.
2023-03-23 16:30:50,414 Trying to match Regex: Restored connection to ES instance to file: /logs_extracted/641c7eb76719eb17139deffd/var/log/elasticsearch/elasticsearch_server.json
2023-03-23 16:30:50,415 Recursing through faillog
2023-03-23 16:30:50,415 Recursing path: /logs_extracted/641c7eb76719eb17139deffd/var/log/faillog
2023-03-23 16:30:50,415 No file name provide,
2023-03-23 16:30:50,415 Processing file: /logs_extracted/641c7eb76719eb17139deffd/var/log/faillog
2023-03-23 16:30:50,415 Analysis of file /logs_extracted/641c7eb76719eb17139deffd/var/log/faillog started.
2023-03-23 16:30:50,416 Trying to match Regex: Restored connection to ES instance to file: /logs_extracted/641c7eb76719eb17139deffd/var/log/faillog
2023-03-23 16:30:50,416 Recursing through journal
2023-03-23 16:30:50,416 Recursing path: /logs_extracted/641c7eb76719eb17139deffd/var/log/journal
2023-03-23 16:30:50,416 No file name provide,
2023-03-23 16:30:50,416 Found dir, recursing to analyze files inside /logs_extracted/641c7eb76719eb17139deffd/var/log/journal
2023-03-23 16:30:50,416 Recursing through kibana
2023-03-23 16:30:50,416 Recursing path: /logs_extracted/641c7eb76719eb17139deffd/var/log/kibana
2023-03-23 16:30:50,416 No file name provide,
2023-03-23 16:30:50,416 Found dir, recursing to analyze files inside /logs_extracted/641c7eb76719eb17139deffd/var/log/kibana
2023-03-23 16:30:50,416 Recursing through kibana5.log
2023-03-23 16:30:50,416 Recursing path: /logs_extracted/641c7eb76719eb17139deffd/var/log/kibana/kibana5.log
2023-03-23 16:30:50,417 No file name provide,
2023-03-23 16:30:50,417 Processing file: /logs_extracted/641c7eb76719eb17139deffd/var/log/kibana/kibana5.log
2023-03-23 16:30:50,417 Analysis of file /logs_extracted/641c7eb76719eb17139deffd/var/log/kibana/kibana5.log started.
2023-03-23 16:30:50,418 Trying to match Regex: Restored connection to ES instance to file: /logs_extracted/641c7eb76719eb17139deffd/var/log/kibana/kibana5.log
2023-03-23 16:30:50,418 Recursing through lastlog
2023-03-23 16:30:50,418 Recursing path: /logs_extracted/641c7eb76719eb17139deffd/var/log/lastlog
2023-03-23 16:30:50,418 No file name provide,
2023-03-23 16:30:50,418 Processing file: /logs_extracted/641c7eb76719eb17139deffd/var/log/lastlog
2023-03-23 16:30:50,418 Analysis of file /logs_extracted/641c7eb76719eb17139deffd/var/log/lastlog started.
2023-03-23 16:30:50,419 Trying to match Regex: Restored connection to ES instance to file: /logs_extracted/641c7eb76719eb17139deffd/var/log/lastlog
2023-03-23 16:30:50,419 Recursing through logstash
2023-03-23 16:30:50,419 Recursing path: /logs_extracted/641c7eb76719eb17139deffd/var/log/logstash
2023-03-23 16:30:50,419 No file name provide,
2023-03-23 16:30:50,419 Found dir, recursing to analyze files inside /logs_extracted/641c7eb76719eb17139deffd/var/log/logstash
2023-03-23 16:30:50,419 Recursing through logstash-deprecation.log
2023-03-23 16:30:50,420 Recursing path: /logs_extracted/641c7eb76719eb17139deffd/var/log/logstash/logstash-deprecation.log
2023-03-23 16:30:50,420 No file name provide,
2023-03-23 16:30:50,420 Processing file: /logs_extracted/641c7eb76719eb17139deffd/var/log/logstash/logstash-deprecation.log
2023-03-23 16:30:50,420 Analysis of file /logs_extracted/641c7eb76719eb17139deffd/var/log/logstash/logstash-deprecation.log started.
2023-03-23 16:30:50,421 Trying to match Regex: Restored connection to ES instance to file: /logs_extracted/641c7eb76719eb17139deffd/var/log/logstash/logstash-deprecation.log
2023-03-23 16:30:50,421 Recursing through logstash-json.log
2023-03-23 16:30:50,421 Recursing path: /logs_extracted/641c7eb76719eb17139deffd/var/log/logstash/logstash-json.log
2023-03-23 16:30:50,421 No file name provide,
2023-03-23 16:30:50,421 Processing file: /logs_extracted/641c7eb76719eb17139deffd/var/log/logstash/logstash-json.log
2023-03-23 16:30:50,421 Analysis of file /logs_extracted/641c7eb76719eb17139deffd/var/log/logstash/logstash-json.log started.
2023-03-23 16:30:50,422 Trying to match Regex: Restored connection to ES instance to file: /logs_extracted/641c7eb76719eb17139deffd/var/log/logstash/logstash-json.log
2023-03-23 16:30:50,422 Recursing through logstash-plain.log
2023-03-23 16:30:50,422 Recursing path: /logs_extracted/641c7eb76719eb17139deffd/var/log/logstash/logstash-plain.log
2023-03-23 16:30:50,422 No file name provide,
2023-03-23 16:30:50,422 Processing file: /logs_extracted/641c7eb76719eb17139deffd/var/log/logstash/logstash-plain.log
2023-03-23 16:30:50,422 Analysis of file /logs_extracted/641c7eb76719eb17139deffd/var/log/logstash/logstash-plain.log started.
2023-03-23 16:30:50,424 Trying to match Regex: Restored connection to ES instance to file: /logs_extracted/641c7eb76719eb17139deffd/var/log/logstash/logstash-plain.log
2023-03-23 16:30:50,424 Regex: Restored connection to ES instance matched file: /logs_extracted/641c7eb76719eb17139deffd/var/log/logstash/logstash-plain.log
2023-03-23 16:30:50,424 Recursing through logstash-slowlog-json.log
2023-03-23 16:30:50,425 Recursing path: /logs_extracted/641c7eb76719eb17139deffd/var/log/logstash/logstash-slowlog-json.log
2023-03-23 16:30:50,425 No file name provide,
2023-03-23 16:30:50,425 Processing file: /logs_extracted/641c7eb76719eb17139deffd/var/log/logstash/logstash-slowlog-json.log
2023-03-23 16:30:50,425 Analysis of file /logs_extracted/641c7eb76719eb17139deffd/var/log/logstash/logstash-slowlog-json.log started.
2023-03-23 16:30:50,426 Trying to match Regex: Restored connection to ES instance to file: /logs_extracted/641c7eb76719eb17139deffd/var/log/logstash/logstash-slowlog-json.log
2023-03-23 16:30:50,426 Recursing through logstash-slowlog-plain.log
2023-03-23 16:30:50,426 Recursing path: /logs_extracted/641c7eb76719eb17139deffd/var/log/logstash/logstash-slowlog-plain.log
2023-03-23 16:30:50,426 No file name provide,
2023-03-23 16:30:50,426 Processing file: /logs_extracted/641c7eb76719eb17139deffd/var/log/logstash/logstash-slowlog-plain.log
2023-03-23 16:30:50,426 Analysis of file /logs_extracted/641c7eb76719eb17139deffd/var/log/logstash/logstash-slowlog-plain.log started.
2023-03-23 16:30:50,427 Trying to match Regex: Restored connection to ES instance to file: /logs_extracted/641c7eb76719eb17139deffd/var/log/logstash/logstash-slowlog-plain.log
2023-03-23 16:30:50,427 Recursing through logstash.err
2023-03-23 16:30:50,427 Recursing path: /logs_extracted/641c7eb76719eb17139deffd/var/log/logstash/logstash.err
2023-03-23 16:30:50,427 No file name provide,
2023-03-23 16:30:50,427 Processing file: /logs_extracted/641c7eb76719eb17139deffd/var/log/logstash/logstash.err
2023-03-23 16:30:50,427 Analysis of file /logs_extracted/641c7eb76719eb17139deffd/var/log/logstash/logstash.err started.
2023-03-23 16:30:50,428 Trying to match Regex: Restored connection to ES instance to file: /logs_extracted/641c7eb76719eb17139deffd/var/log/logstash/logstash.err
2023-03-23 16:30:50,428 Recursing through logstash.stdout
2023-03-23 16:30:50,428 Recursing path: /logs_extracted/641c7eb76719eb17139deffd/var/log/logstash/logstash.stdout
2023-03-23 16:30:50,429 No file name provide,
2023-03-23 16:30:50,429 Processing file: /logs_extracted/641c7eb76719eb17139deffd/var/log/logstash/logstash.stdout
2023-03-23 16:30:50,429 Analysis of file /logs_extracted/641c7eb76719eb17139deffd/var/log/logstash/logstash.stdout started.
2023-03-23 16:30:50,430 Trying to match Regex: Restored connection to ES instance to file: /logs_extracted/641c7eb76719eb17139deffd/var/log/logstash/logstash.stdout
2023-03-23 16:30:50,430 Regex: Restored connection to ES instance matched file: /logs_extracted/641c7eb76719eb17139deffd/var/log/logstash/logstash.stdout
2023-03-23 16:30:50,430 Recursing through mongodb
2023-03-23 16:30:50,430 Recursing path: /logs_extracted/641c7eb76719eb17139deffd/var/log/mongodb
2023-03-23 16:30:50,430 No file name provide,
2023-03-23 16:30:50,430 Found dir, recursing to analyze files inside /logs_extracted/641c7eb76719eb17139deffd/var/log/mongodb
2023-03-23 16:30:50,430 Recursing through mongodb.log
2023-03-23 16:30:50,430 Recursing path: /logs_extracted/641c7eb76719eb17139deffd/var/log/mongodb/mongodb.log
2023-03-23 16:30:50,430 No file name provide,
2023-03-23 16:30:50,430 Processing file: /logs_extracted/641c7eb76719eb17139deffd/var/log/mongodb/mongodb.log
2023-03-23 16:30:50,430 Analysis of file /logs_extracted/641c7eb76719eb17139deffd/var/log/mongodb/mongodb.log started.
2023-03-23 16:30:50,433 Trying to match Regex: Restored connection to ES instance to file: /logs_extracted/641c7eb76719eb17139deffd/var/log/mongodb/mongodb.log
2023-03-23 16:30:50,433 Recursing through private
2023-03-23 16:30:50,433 Recursing path: /logs_extracted/641c7eb76719eb17139deffd/var/log/private
2023-03-23 16:30:50,433 No file name provide,
2023-03-23 16:30:50,433 Found dir, recursing to analyze files inside /logs_extracted/641c7eb76719eb17139deffd/var/log/private
2023-03-23 16:30:50,433 Recursing through syslog
2023-03-23 16:30:50,434 Recursing path: /logs_extracted/641c7eb76719eb17139deffd/var/log/syslog
2023-03-23 16:30:50,434 No file name provide,
2023-03-23 16:30:50,434 Processing file: /logs_extracted/641c7eb76719eb17139deffd/var/log/syslog
2023-03-23 16:30:50,434 Analysis of file /logs_extracted/641c7eb76719eb17139deffd/var/log/syslog started.
2023-03-23 16:30:50,435 Trying to match Regex: Restored connection to ES instance to file: /logs_extracted/641c7eb76719eb17139deffd/var/log/syslog
2023-03-23 16:30:50,435 Recursing through wtmp
2023-03-23 16:30:50,435 Recursing path: /logs_extracted/641c7eb76719eb17139deffd/var/log/wtmp
2023-03-23 16:30:50,435 No file name provide,
2023-03-23 16:30:50,435 Processing file: /logs_extracted/641c7eb76719eb17139deffd/var/log/wtmp
2023-03-23 16:30:50,435 Analysis of file /logs_extracted/641c7eb76719eb17139deffd/var/log/wtmp started.
2023-03-23 16:30:50,436 Trying to match Regex: Restored connection to ES instance to file: /logs_extracted/641c7eb76719eb17139deffd/var/log/wtmp
2023-03-23 16:30:50,437 Saving to elasticsearch.
2023-03-23 16:30:50,469 Starting new HTTP connection (1): localhost:9200
2023-03-23 16:30:50,489 http://localhost:9200 "PUT /mwizz/_bulk HTTP/1.1" 200 2402
2023-03-23 16:30:50,490 PUT http://localhost:9200/mwizz/_bulk [status:200 duration:0.021s]
2023-03-23 16:30:50,490 Saved to elasticsearch.
2023-03-23 16:30:50,492 Job "process_logs (trigger: interval[0:00:30], next run at: 2023-03-23 16:31:19 UTC)" executed successfully
2023-03-23 16:31:19,636 Looking for jobs to run
2023-03-23 16:31:19,636 Next wakeup is due at 2023-03-23 16:31:49.633535+00:00 (in 29.997130 seconds)
2023-03-23 16:31:19,636 Running job "process_logs (trigger: interval[0:00:30], next run at: 2023-03-23 16:31:49 UTC)" (scheduled at 2023-03-23 16:31:19.633535+00:00)
2023-03-23 16:31:19,638 Job "process_logs (trigger: interval[0:00:30], next run at: 2023-03-23 16:31:49 UTC)" executed successfully
